mode: set
AltaStore/business/shopping/mocks/Service.go:17.95,21.67 3 0
AltaStore/business/shopping/mocks/Service.go:27.2,27.11 1 0
AltaStore/business/shopping/mocks/Service.go:21.67,23.3 1 0
AltaStore/business/shopping/mocks/Service.go:23.8,25.3 1 0
AltaStore/business/shopping/mocks/Service.go:31.102,35.78 3 0
AltaStore/business/shopping/mocks/Service.go:43.2,44.59 2 0
AltaStore/business/shopping/mocks/Service.go:50.2,50.15 1 0
AltaStore/business/shopping/mocks/Service.go:35.78,37.3 1 0
AltaStore/business/shopping/mocks/Service.go:37.8,38.24 1 0
AltaStore/business/shopping/mocks/Service.go:38.24,40.4 1 0
AltaStore/business/shopping/mocks/Service.go:44.59,46.3 1 0
AltaStore/business/shopping/mocks/Service.go:46.8,48.3 1 0
AltaStore/business/shopping/mocks/Service.go:54.88,58.65 3 0
AltaStore/business/shopping/mocks/Service.go:66.2,67.51 2 0
AltaStore/business/shopping/mocks/Service.go:73.2,73.15 1 0
AltaStore/business/shopping/mocks/Service.go:58.65,60.3 1 0
AltaStore/business/shopping/mocks/Service.go:60.8,61.24 1 0
AltaStore/business/shopping/mocks/Service.go:61.24,63.4 1 0
AltaStore/business/shopping/mocks/Service.go:67.51,69.3 1 0
AltaStore/business/shopping/mocks/Service.go:69.8,71.3 1 0
AltaStore/business/shopping/mocks/Service.go:77.114,81.91 3 0
AltaStore/business/shopping/mocks/Service.go:87.2,87.11 1 0
AltaStore/business/shopping/mocks/Service.go:81.91,83.3 1 0
AltaStore/business/shopping/mocks/Service.go:83.8,85.3 1 0
AltaStore/business/shopping/mocks/Service.go:91.111,95.91 3 0
AltaStore/business/shopping/mocks/Service.go:101.2,101.11 1 0
AltaStore/business/shopping/mocks/Service.go:95.91,97.3 1 0
AltaStore/business/shopping/mocks/Service.go:97.8,99.3 1 0
AltaStore/business/shopping/mocks/Service.go:105.80,109.65 3 0
AltaStore/business/shopping/mocks/Service.go:117.2,118.51 2 0
AltaStore/business/shopping/mocks/Service.go:124.2,124.15 1 0
AltaStore/business/shopping/mocks/Service.go:109.65,111.3 1 0
AltaStore/business/shopping/mocks/Service.go:111.8,112.24 1 0
AltaStore/business/shopping/mocks/Service.go:112.24,114.4 1 0
AltaStore/business/shopping/mocks/Service.go:118.51,120.3 1 0
AltaStore/business/shopping/mocks/Service.go:120.8,122.3 1 0
AltaStore/business/shopping/mocks/Service.go:128.79,132.57 3 0
AltaStore/business/shopping/mocks/Service.go:138.2,138.11 1 0
AltaStore/business/shopping/mocks/Service.go:132.57,134.3 1 0
AltaStore/business/shopping/mocks/Service.go:134.8,136.3 1 0
AltaStore/business/user/user.go:32.28,43.2 1 0
AltaStore/business/user/user.go:52.23,67.2 1 0
AltaStore/business/user/user.go:94.28,109.2 1 0
AltaStore/business/user/user.go:113.23,130.2 1 0
AltaStore/business/checkoutpayment/service.go:27.74,29.2 1 0
AltaStore/business/checkoutpayment/service.go:31.115,39.16 5 0
AltaStore/business/checkoutpayment/service.go:44.2,62.24 3 0
AltaStore/business/checkoutpayment/service.go:65.2,65.22 1 0
AltaStore/business/checkoutpayment/service.go:39.16,42.3 2 0
AltaStore/business/checkoutpayment/service.go:62.24,64.3 1 0
AltaStore/business/checkoutpayment/service.go:68.97,70.28 2 0
AltaStore/business/checkoutpayment/service.go:74.2,86.15 3 0
AltaStore/business/checkoutpayment/service.go:70.28,72.3 1 0
AltaStore/business/checkoutpayment/service.go:89.79,91.2 1 0
AltaStore/api/v1/checkoutpayment/controller.go:17.65,19.2 1 0
AltaStore/api/v1/checkoutpayment/controller.go:38.72,45.47 6 0
AltaStore/api/v1/checkoutpayment/controller.go:48.2,56.16 9 0
AltaStore/api/v1/checkoutpayment/controller.go:59.2,61.3 1 0
AltaStore/api/v1/checkoutpayment/controller.go:45.47,47.3 1 0
AltaStore/api/v1/checkoutpayment/controller.go:56.16,58.3 1 0
AltaStore/api/v1/checkoutpayment/controller.go:63.64,67.42 3 0
AltaStore/api/v1/checkoutpayment/controller.go:70.2,71.16 2 0
AltaStore/api/v1/checkoutpayment/controller.go:74.2,75.28 2 0
AltaStore/api/v1/checkoutpayment/controller.go:78.2,78.47 1 0
AltaStore/api/v1/checkoutpayment/controller.go:81.2,82.16 2 0
AltaStore/api/v1/checkoutpayment/controller.go:85.2,87.3 1 0
AltaStore/api/v1/checkoutpayment/controller.go:67.42,69.3 1 0
AltaStore/api/v1/checkoutpayment/controller.go:71.16,73.3 1 0
AltaStore/api/v1/checkoutpayment/controller.go:75.28,77.3 1 0
AltaStore/api/v1/checkoutpayment/controller.go:78.47,80.3 1 0
AltaStore/api/v1/checkoutpayment/controller.go:82.16,84.3 1 0
AltaStore/modules/checkout/repository.go:50.56,59.2 1 0
AltaStore/modules/checkout/repository.go:61.45,63.2 1 0
AltaStore/modules/checkout/repository.go:65.81,69.2 2 0
AltaStore/modules/checkout/repository.go:71.69,86.16 3 0
AltaStore/modules/checkout/repository.go:90.2,90.27 1 0
AltaStore/modules/checkout/repository.go:86.16,88.3 1 0
AltaStore/modules/checkout/repository.go:93.77,108.16 3 0
AltaStore/modules/checkout/repository.go:112.2,114.20 2 0
AltaStore/modules/checkout/repository.go:108.16,110.3 1 0
AltaStore/modules/checkout/repository.go:117.79,121.16 3 0
AltaStore/modules/checkout/repository.go:128.2,128.18 1 0
AltaStore/modules/checkout/repository.go:121.16,122.45 1 0
AltaStore/modules/checkout/repository.go:125.3,125.20 1 0
AltaStore/modules/checkout/repository.go:122.45,124.4 1 0
AltaStore/modules/migration/migration.go:13.34,19.2 1 0
AltaStore/main.go:43.60,50.16 3 0
AltaStore/main.go:54.2,56.11 2 0
AltaStore/main.go:50.16,51.13 1 0
AltaStore/main.go:59.66,65.16 3 0
AltaStore/main.go:69.2,70.16 2 0
AltaStore/main.go:74.2,74.41 1 0
AltaStore/main.go:65.16,66.13 1 0
AltaStore/main.go:70.16,71.13 1 0
AltaStore/main.go:77.13,139.27 23 0
AltaStore/main.go:144.2,148.16 4 0
AltaStore/main.go:139.27,142.3 2 0
AltaStore/main.go:148.16,150.3 1 0
AltaStore/business/shopping/mocks/Repository.go:19.83,23.65 3 1
AltaStore/business/shopping/mocks/Repository.go:31.2,32.51 2 1
AltaStore/business/shopping/mocks/Repository.go:38.2,38.15 1 1
AltaStore/business/shopping/mocks/Repository.go:23.65,25.3 1 0
AltaStore/business/shopping/mocks/Repository.go:25.8,26.24 1 1
AltaStore/business/shopping/mocks/Repository.go:26.24,28.4 1 1
AltaStore/business/shopping/mocks/Repository.go:32.51,34.3 1 0
AltaStore/business/shopping/mocks/Repository.go:34.8,36.3 1 1
AltaStore/business/shopping/mocks/Repository.go:42.91,46.65 3 1
AltaStore/business/shopping/mocks/Repository.go:54.2,55.51 2 1
AltaStore/business/shopping/mocks/Repository.go:61.2,61.15 1 1
AltaStore/business/shopping/mocks/Repository.go:46.65,48.3 1 0
AltaStore/business/shopping/mocks/Repository.go:48.8,49.24 1 1
AltaStore/business/shopping/mocks/Repository.go:49.24,51.4 1 1
AltaStore/business/shopping/mocks/Repository.go:55.51,57.3 1 0
AltaStore/business/shopping/mocks/Repository.go:57.8,59.3 1 1
AltaStore/business/shopping/mocks/Repository.go:65.115,69.84 3 1
AltaStore/business/shopping/mocks/Repository.go:77.2,78.70 2 1
AltaStore/business/shopping/mocks/Repository.go:84.2,84.15 1 1
AltaStore/business/shopping/mocks/Repository.go:69.84,71.3 1 0
AltaStore/business/shopping/mocks/Repository.go:71.8,72.24 1 1
AltaStore/business/shopping/mocks/Repository.go:72.24,74.4 1 1
AltaStore/business/shopping/mocks/Repository.go:78.70,80.3 1 0
AltaStore/business/shopping/mocks/Repository.go:80.8,82.3 1 1
AltaStore/business/shopping/mocks/Repository.go:88.82,92.57 3 1
AltaStore/business/shopping/mocks/Repository.go:98.2,98.11 1 1
AltaStore/business/shopping/mocks/Repository.go:92.57,94.3 1 0
AltaStore/business/shopping/mocks/Repository.go:94.8,96.3 1 1
AltaStore/business/user/mocks/Service.go:17.64,21.59 3 0
AltaStore/business/user/mocks/Service.go:27.2,27.11 1 0
AltaStore/business/user/mocks/Service.go:21.59,23.3 1 0
AltaStore/business/user/mocks/Service.go:23.8,25.3 1 0
AltaStore/business/user/mocks/Service.go:31.70,35.56 3 0
AltaStore/business/user/mocks/Service.go:43.2,44.51 2 0
AltaStore/business/user/mocks/Service.go:50.2,50.15 1 0
AltaStore/business/user/mocks/Service.go:35.56,37.3 1 0
AltaStore/business/user/mocks/Service.go:37.8,38.24 1 0
AltaStore/business/user/mocks/Service.go:38.24,40.4 1 0
AltaStore/business/user/mocks/Service.go:44.51,46.3 1 0
AltaStore/business/user/mocks/Service.go:46.8,48.3 1 0
AltaStore/business/user/mocks/Service.go:54.98,58.64 3 0
AltaStore/business/user/mocks/Service.go:66.2,67.59 2 0
AltaStore/business/user/mocks/Service.go:73.2,73.15 1 0
AltaStore/business/user/mocks/Service.go:58.64,60.3 1 0
AltaStore/business/user/mocks/Service.go:60.8,61.24 1 0
AltaStore/business/user/mocks/Service.go:61.24,63.4 1 0
AltaStore/business/user/mocks/Service.go:67.59,69.3 1 0
AltaStore/business/user/mocks/Service.go:69.8,71.3 1 0
AltaStore/business/user/mocks/Service.go:77.64,81.56 3 0
AltaStore/business/user/mocks/Service.go:89.2,90.51 2 0
AltaStore/business/user/mocks/Service.go:96.2,96.15 1 0
AltaStore/business/user/mocks/Service.go:81.56,83.3 1 0
AltaStore/business/user/mocks/Service.go:83.8,84.24 1 0
AltaStore/business/user/mocks/Service.go:84.24,86.4 1 0
AltaStore/business/user/mocks/Service.go:90.51,92.3 1 0
AltaStore/business/user/mocks/Service.go:92.8,94.3 1 0
AltaStore/business/user/mocks/Service.go:100.73,104.64 3 0
AltaStore/business/user/mocks/Service.go:110.2,110.11 1 0
AltaStore/business/user/mocks/Service.go:104.64,106.3 1 0
AltaStore/business/user/mocks/Service.go:106.8,108.3 1 0
AltaStore/business/user/mocks/Service.go:114.101,118.80 3 0
AltaStore/business/user/mocks/Service.go:124.2,124.11 1 0
AltaStore/business/user/mocks/Service.go:118.80,120.3 1 0
AltaStore/business/user/mocks/Service.go:120.8,122.3 1 0
AltaStore/business/user/mocks/Service.go:128.110,132.75 3 0
AltaStore/business/user/mocks/Service.go:138.2,138.11 1 0
AltaStore/business/user/mocks/Service.go:132.75,134.3 1 0
AltaStore/business/user/mocks/Service.go:134.8,136.3 1 0
AltaStore/business/shopping/service.go:22.85,24.2 1 1
AltaStore/business/shopping/service.go:26.78,28.2 1 1
AltaStore/business/shopping/service.go:30.70,32.2 1 1
AltaStore/business/shopping/service.go:34.78,36.2 1 1
AltaStore/business/shopping/service.go:38.96,40.16 2 1
AltaStore/business/shopping/service.go:44.2,45.16 2 1
AltaStore/business/shopping/service.go:49.2,49.36 1 1
AltaStore/business/shopping/service.go:53.2,54.16 2 1
AltaStore/business/shopping/service.go:58.2,60.57 2 1
AltaStore/business/shopping/service.go:40.16,42.3 1 0
AltaStore/business/shopping/service.go:45.16,47.3 1 1
AltaStore/business/shopping/service.go:49.36,51.3 1 0
AltaStore/business/shopping/service.go:54.16,56.3 1 1
AltaStore/business/shopping/service.go:63.101,65.16 2 1
AltaStore/business/shopping/service.go:68.2,69.16 2 1
AltaStore/business/shopping/service.go:73.2,73.31 1 1
AltaStore/business/shopping/service.go:77.2,77.75 1 1
AltaStore/business/shopping/service.go:65.16,67.3 1 0
AltaStore/business/shopping/service.go:69.16,71.3 1 1
AltaStore/business/shopping/service.go:73.31,75.3 1 0
AltaStore/business/shopping/service.go:81.104,83.16 2 1
AltaStore/business/shopping/service.go:87.2,88.16 2 1
AltaStore/business/shopping/service.go:92.2,92.31 1 1
AltaStore/business/shopping/service.go:96.2,96.78 1 1
AltaStore/business/shopping/service.go:83.16,85.3 1 0
AltaStore/business/shopping/service.go:88.16,90.3 1 0
AltaStore/business/shopping/service.go:92.31,94.3 1 0
AltaStore/business/shopping/service.go:99.94,102.16 2 1
AltaStore/business/shopping/service.go:106.2,106.31 1 1
AltaStore/business/shopping/service.go:110.2,110.65 1 1
AltaStore/business/shopping/service.go:102.16,104.3 1 0
AltaStore/business/shopping/service.go:106.31,108.3 1 0
AltaStore/api/middleware/jwt.go:13.13,24.2 2 1
AltaStore/api/middleware/jwt.go:26.42,31.2 1 0
AltaStore/api/middleware/jwt.go:33.57,35.16 2 0
AltaStore/api/middleware/jwt.go:43.2,43.38 1 0
AltaStore/api/middleware/jwt.go:35.16,38.19 3 0
AltaStore/api/middleware/jwt.go:41.3,41.21 1 0
AltaStore/api/middleware/jwt.go:38.19,40.4 1 0
AltaStore/api/middleware/jwt.go:46.55,48.16 2 0
AltaStore/api/middleware/jwt.go:53.2,53.41 1 0
AltaStore/api/middleware/jwt.go:48.16,52.3 3 0
AltaStore/business/checkoutpayment/checkoutpayment.go:52.19,63.2 1 0
AltaStore/business/checkoutpayment/checkoutpayment.go:64.66,74.2 1 0
AltaStore/api/v1/shopping/controller.go:20.58,22.2 1 0
AltaStore/api/v1/shopping/controller.go:24.70,27.16 2 0
AltaStore/api/v1/shopping/controller.go:31.2,31.46 1 0
AltaStore/api/v1/shopping/controller.go:35.2,36.16 2 0
AltaStore/api/v1/shopping/controller.go:40.2,42.59 2 0
AltaStore/api/v1/shopping/controller.go:27.16,29.3 1 0
AltaStore/api/v1/shopping/controller.go:31.46,33.3 1 0
AltaStore/api/v1/shopping/controller.go:36.16,38.3 1 0
AltaStore/api/v1/shopping/controller.go:45.62,49.16 3 0
AltaStore/api/v1/shopping/controller.go:53.2,53.46 1 0
AltaStore/api/v1/shopping/controller.go:57.2,58.16 2 0
AltaStore/api/v1/shopping/controller.go:62.2,64.59 2 0
AltaStore/api/v1/shopping/controller.go:49.16,51.3 1 0
AltaStore/api/v1/shopping/controller.go:53.46,55.3 1 0
AltaStore/api/v1/shopping/controller.go:58.16,60.3 1 0
AltaStore/api/v1/shopping/controller.go:67.68,70.46 2 0
AltaStore/api/v1/shopping/controller.go:74.2,75.16 2 0
AltaStore/api/v1/shopping/controller.go:79.2,80.16 2 0
AltaStore/api/v1/shopping/controller.go:84.2,84.89 1 0
AltaStore/api/v1/shopping/controller.go:70.46,72.3 1 0
AltaStore/api/v1/shopping/controller.go:75.16,77.3 1 0
AltaStore/api/v1/shopping/controller.go:80.16,82.3 1 0
AltaStore/api/v1/shopping/controller.go:87.64,91.46 3 0
AltaStore/api/v1/shopping/controller.go:95.2,96.16 2 0
AltaStore/api/v1/shopping/controller.go:100.2,100.39 1 0
AltaStore/api/v1/shopping/controller.go:104.2,105.16 2 0
AltaStore/api/v1/shopping/controller.go:109.2,109.54 1 0
AltaStore/api/v1/shopping/controller.go:91.46,93.3 1 0
AltaStore/api/v1/shopping/controller.go:96.16,98.3 1 0
AltaStore/api/v1/shopping/controller.go:100.39,102.3 1 0
AltaStore/api/v1/shopping/controller.go:105.16,107.3 1 0
AltaStore/api/v1/shopping/controller.go:112.67,117.46 4 0
AltaStore/api/v1/shopping/controller.go:121.2,122.16 2 0
AltaStore/api/v1/shopping/controller.go:126.2,126.39 1 0
AltaStore/api/v1/shopping/controller.go:130.2,131.16 2 0
AltaStore/api/v1/shopping/controller.go:135.2,135.54 1 0
AltaStore/api/v1/shopping/controller.go:117.46,119.3 1 0
AltaStore/api/v1/shopping/controller.go:122.16,124.3 1 0
AltaStore/api/v1/shopping/controller.go:126.39,128.3 1 0
AltaStore/api/v1/shopping/controller.go:131.16,133.3 1 0
AltaStore/api/v1/shopping/controller.go:138.67,148.16 7 0
AltaStore/api/v1/shopping/controller.go:152.2,152.32 1 0
AltaStore/api/v1/shopping/controller.go:156.2,157.16 2 0
AltaStore/api/v1/shopping/controller.go:161.2,161.54 1 0
AltaStore/api/v1/shopping/controller.go:148.16,150.3 1 0
AltaStore/api/v1/shopping/controller.go:152.32,154.3 1 0
AltaStore/api/v1/shopping/controller.go:157.16,159.3 1 0
AltaStore/api/common/error_controller_response.go:12.53,14.2 1 0
AltaStore/api/common/error_controller_response.go:16.52,18.2 1 0
AltaStore/api/common/error_controller_response.go:20.51,22.2 1 0
AltaStore/api/common/error_controller_response.go:24.55,26.2 1 0
AltaStore/business/user/service.go:39.48,43.2 1 0
AltaStore/business/user/service.go:46.67,48.16 2 0
AltaStore/business/user/service.go:52.2,53.21 2 0
AltaStore/business/user/service.go:57.2,58.16 2 0
AltaStore/business/user/service.go:61.2,73.16 4 0
AltaStore/business/user/service.go:77.2,77.12 1 0
AltaStore/business/user/service.go:48.16,50.3 1 0
AltaStore/business/user/service.go:53.21,55.3 1 0
AltaStore/business/user/service.go:58.16,60.3 1 0
AltaStore/business/user/service.go:73.16,75.3 1 0
AltaStore/business/user/service.go:81.92,83.2 1 0
AltaStore/business/user/service.go:86.64,88.2 1 0
AltaStore/business/user/service.go:91.58,93.2 1 0
AltaStore/business/user/service.go:96.105,99.16 2 0
AltaStore/business/user/service.go:111.2,112.16 2 0
AltaStore/business/user/service.go:115.2,121.54 2 0
AltaStore/business/user/service.go:99.16,101.3 1 0
AltaStore/business/user/service.go:101.8,101.24 1 0
AltaStore/business/user/service.go:101.24,103.3 1 0
AltaStore/business/user/service.go:103.8,103.33 1 0
AltaStore/business/user/service.go:103.33,105.3 1 0
AltaStore/business/user/service.go:105.8,107.17 2 0
AltaStore/business/user/service.go:107.17,109.4 1 0
AltaStore/business/user/service.go:112.16,114.3 1 0
AltaStore/business/user/service.go:125.95,127.16 2 0
AltaStore/business/user/service.go:135.2,144.46 2 0
AltaStore/business/user/service.go:127.16,129.3 1 0
AltaStore/business/user/service.go:129.8,129.24 1 0
AltaStore/business/user/service.go:129.24,131.3 1 0
AltaStore/business/user/service.go:131.8,131.33 1 0
AltaStore/business/user/service.go:131.33,133.3 1 0
AltaStore/business/user/service.go:148.64,150.16 2 0
AltaStore/business/user/service.go:156.2,161.44 2 0
AltaStore/business/user/service.go:150.16,152.3 1 0
AltaStore/business/user/service.go:152.8,152.24 1 0
AltaStore/business/user/service.go:152.24,154.3 1 0
AltaStore/business/checkout/checkout.go:20.56,28.2 5 0
AltaStore/business/checkout/checkout.go:50.79,59.2 1 0
AltaStore/business/checkout/checkout.go:61.98,64.30 2 0
AltaStore/business/checkout/checkout.go:68.2,68.20 1 0
AltaStore/business/checkout/checkout.go:72.2,72.17 1 0
AltaStore/business/checkout/checkout.go:64.30,66.3 1 0
AltaStore/business/checkout/checkout.go:68.20,70.3 1 0
AltaStore/business/checkout/checkout.go:75.83,86.2 1 0
AltaStore/api/v1/checkout/request/insertCheckout.go:12.75,19.2 4 0
AltaStore/api/v1/shopping/response/oneResponse.go:5.58,11.2 1 0
AltaStore/business/user/mocks/Repository.go:17.55,21.54 3 0
AltaStore/business/user/mocks/Repository.go:27.2,27.11 1 0
AltaStore/business/user/mocks/Repository.go:21.54,23.3 1 0
AltaStore/business/user/mocks/Repository.go:23.8,25.3 1 0
AltaStore/business/user/mocks/Repository.go:31.73,35.56 3 0
AltaStore/business/user/mocks/Repository.go:43.2,44.51 2 0
AltaStore/business/user/mocks/Repository.go:50.2,50.15 1 0
AltaStore/business/user/mocks/Repository.go:35.56,37.3 1 0
AltaStore/business/user/mocks/Repository.go:37.8,38.24 1 0
AltaStore/business/user/mocks/Repository.go:38.24,40.4 1 0
AltaStore/business/user/mocks/Repository.go:44.51,46.3 1 0
AltaStore/business/user/mocks/Repository.go:46.8,48.3 1 0
AltaStore/business/user/mocks/Repository.go:54.101,58.64 3 0
AltaStore/business/user/mocks/Repository.go:66.2,67.59 2 0
AltaStore/business/user/mocks/Repository.go:73.2,73.15 1 0
AltaStore/business/user/mocks/Repository.go:58.64,60.3 1 0
AltaStore/business/user/mocks/Repository.go:60.8,61.24 1 0
AltaStore/business/user/mocks/Repository.go:61.24,63.4 1 0
AltaStore/business/user/mocks/Repository.go:67.59,69.3 1 0
AltaStore/business/user/mocks/Repository.go:69.8,71.3 1 0
AltaStore/business/user/mocks/Repository.go:77.67,81.56 3 0
AltaStore/business/user/mocks/Repository.go:89.2,90.51 2 0
AltaStore/business/user/mocks/Repository.go:96.2,96.15 1 0
AltaStore/business/user/mocks/Repository.go:81.56,83.3 1 0
AltaStore/business/user/mocks/Repository.go:83.8,84.24 1 0
AltaStore/business/user/mocks/Repository.go:84.24,86.4 1 0
AltaStore/business/user/mocks/Repository.go:90.51,92.3 1 0
AltaStore/business/user/mocks/Repository.go:92.8,94.3 1 0
AltaStore/business/user/mocks/Repository.go:100.55,104.54 3 0
AltaStore/business/user/mocks/Repository.go:110.2,110.11 1 0
AltaStore/business/user/mocks/Repository.go:104.54,106.3 1 0
AltaStore/business/user/mocks/Repository.go:106.8,108.3 1 0
AltaStore/business/user/mocks/Repository.go:114.55,118.54 3 0
AltaStore/business/user/mocks/Repository.go:124.2,124.11 1 0
AltaStore/business/user/mocks/Repository.go:118.54,120.3 1 0
AltaStore/business/user/mocks/Repository.go:120.8,122.3 1 0
AltaStore/business/user/mocks/Repository.go:128.63,132.54 3 0
AltaStore/business/user/mocks/Repository.go:138.2,138.11 1 0
AltaStore/business/user/mocks/Repository.go:132.54,134.3 1 0
AltaStore/business/user/mocks/Repository.go:134.8,136.3 1 0
AltaStore/api/common/error_business_response.go:21.68,23.2 1 0
AltaStore/api/common/error_business_response.go:25.56,26.13 1 0
AltaStore/api/common/error_business_response.go:27.10,28.42 1 0
AltaStore/api/common/error_business_response.go:30.28,31.31 1 0
AltaStore/api/common/error_business_response.go:33.35,34.38 1 0
AltaStore/api/common/error_business_response.go:36.37,37.32 1 0
AltaStore/api/common/error_business_response.go:39.36,40.34 1 0
AltaStore/api/common/error_business_response.go:42.31,43.29 1 0
AltaStore/api/common/error_business_response.go:45.30,46.28 1 0
AltaStore/api/common/error_business_response.go:48.32,49.30 1 0
AltaStore/api/common/error_business_response.go:51.31,52.29 1 0
AltaStore/api/common/error_business_response.go:56.65,59.2 1 0
AltaStore/api/common/error_business_response.go:61.54,64.2 1 0
AltaStore/api/common/error_business_response.go:66.61,69.2 1 0
AltaStore/api/common/error_business_response.go:71.55,74.2 1 0
AltaStore/api/common/error_business_response.go:76.57,79.2 1 0
AltaStore/api/common/error_business_response.go:81.52,84.2 1 0
AltaStore/api/common/error_business_response.go:86.51,89.2 1 0
AltaStore/api/common/error_business_response.go:91.53,94.2 1 0
AltaStore/api/common/error_business_response.go:96.52,99.2 1 0
AltaStore/util/validator/validator.go:13.41,17.21 3 1
AltaStore/util/validator/validator.go:21.2,21.17 1 1
AltaStore/util/validator/validator.go:17.21,19.3 1 1
AltaStore/api/v1/shopping/response/shopping.go:29.58,37.2 1 0
AltaStore/api/v1/shopping/response/shopping.go:39.76,46.36 5 0
AltaStore/api/v1/shopping/response/shopping.go:50.2,50.26 1 0
AltaStore/api/v1/shopping/response/shopping.go:54.2,54.15 1 0
AltaStore/api/v1/shopping/response/shopping.go:46.36,48.3 1 0
AltaStore/api/v1/shopping/response/shopping.go:50.26,52.3 1 0
AltaStore/modules/checkoutpayment/repository.go:26.72,41.2 1 0
AltaStore/modules/checkoutpayment/repository.go:43.70,58.2 1 0
AltaStore/modules/checkoutpayment/repository.go:64.45,66.2 1 0
AltaStore/modules/checkoutpayment/repository.go:67.114,69.26 2 0
AltaStore/modules/checkoutpayment/repository.go:76.2,77.48 2 0
AltaStore/modules/checkoutpayment/repository.go:81.2,81.30 1 0
AltaStore/modules/checkoutpayment/repository.go:69.26,72.17 2 0
AltaStore/modules/checkoutpayment/repository.go:72.17,74.4 1 0
AltaStore/modules/checkoutpayment/repository.go:77.48,79.3 1 0
AltaStore/modules/checkoutpayment/repository.go:84.98,87.16 3 0
AltaStore/modules/checkoutpayment/repository.go:91.2,91.30 1 0
AltaStore/modules/checkoutpayment/repository.go:87.16,89.3 1 0
AltaStore/modules/checkoutpayment/repository.go:94.66,97.16 3 0
AltaStore/modules/checkoutpayment/repository.go:101.2,101.18 1 0
AltaStore/modules/checkoutpayment/repository.go:97.16,99.3 1 0
AltaStore/modules/user/repository.go:33.41,50.2 1 0
AltaStore/modules/user/repository.go:52.37,69.2 14 0
AltaStore/modules/user/repository.go:72.47,74.2 1 0
AltaStore/modules/user/repository.go:77.58,82.16 3 0
AltaStore/modules/user/repository.go:86.2,86.12 1 0
AltaStore/modules/user/repository.go:82.16,84.3 1 0
AltaStore/modules/user/repository.go:90.103,95.16 3 0
AltaStore/modules/user/repository.go:100.2,101.16 2 0
AltaStore/modules/user/repository.go:105.2,107.19 2 0
AltaStore/modules/user/repository.go:95.16,97.3 1 0
AltaStore/modules/user/repository.go:101.16,103.3 1 0
AltaStore/modules/user/repository.go:110.75,115.16 3 0
AltaStore/modules/user/repository.go:119.2,121.19 2 0
AltaStore/modules/user/repository.go:115.16,117.3 1 0
AltaStore/modules/user/repository.go:125.69,130.16 3 0
AltaStore/modules/user/repository.go:134.2,136.19 2 0
AltaStore/modules/user/repository.go:130.16,132.3 1 0
AltaStore/modules/user/repository.go:140.66,146.16 3 0
AltaStore/modules/user/repository.go:150.2,150.12 1 0
AltaStore/modules/user/repository.go:146.16,148.3 1 0
AltaStore/modules/user/repository.go:154.58,166.16 3 0
AltaStore/modules/user/repository.go:170.2,170.12 1 0
AltaStore/modules/user/repository.go:166.16,168.3 1 0
AltaStore/modules/user/repository.go:174.58,181.16 3 0
AltaStore/modules/user/repository.go:185.2,185.12 1 0
AltaStore/modules/user/repository.go:181.16,183.3 1 0
AltaStore/business/checkout/service.go:24.11,31.2 1 0
AltaStore/business/checkout/service.go:33.102,35.16 2 0
AltaStore/business/checkout/service.go:39.2,42.16 3 0
AltaStore/business/checkout/service.go:46.2,46.12 1 0
AltaStore/business/checkout/service.go:50.2,51.16 2 0
AltaStore/business/checkout/service.go:55.2,56.16 2 0
AltaStore/business/checkout/service.go:60.2,61.16 2 0
AltaStore/business/checkout/service.go:65.2,66.28 2 0
AltaStore/business/checkout/service.go:70.2,77.16 3 0
AltaStore/business/checkout/service.go:80.2,83.7 1 0
AltaStore/business/checkout/service.go:35.16,37.3 1 0
AltaStore/business/checkout/service.go:42.16,44.3 1 0
AltaStore/business/checkout/service.go:46.12,48.3 1 0
AltaStore/business/checkout/service.go:51.16,53.3 1 0
AltaStore/business/checkout/service.go:56.16,58.3 1 0
AltaStore/business/checkout/service.go:61.16,63.3 1 0
AltaStore/business/checkout/service.go:66.28,68.3 1 0
AltaStore/business/checkout/service.go:77.16,79.3 1 0
AltaStore/business/checkout/service.go:86.57,88.2 1 0
AltaStore/business/checkout/service.go:90.73,93.16 2 0
AltaStore/business/checkout/service.go:97.2,98.16 2 0
AltaStore/business/checkout/service.go:101.2,103.55 2 0
AltaStore/business/checkout/service.go:93.16,95.3 1 0
AltaStore/business/checkout/service.go:98.16,100.3 1 0
AltaStore/modules/logger/repository.go:15.52,17.2 1 0
AltaStore/modules/logger/repository.go:19.71,24.2 2 0
AltaStore/business/checkout/mocks/Service.go:19.67,23.60 3 0
AltaStore/business/checkout/mocks/Service.go:31.2,32.45 2 0
AltaStore/business/checkout/mocks/Service.go:38.2,38.15 1 0
AltaStore/business/checkout/mocks/Service.go:23.60,25.3 1 0
AltaStore/business/checkout/mocks/Service.go:25.8,26.24 1 0
AltaStore/business/checkout/mocks/Service.go:26.24,28.4 1 0
AltaStore/business/checkout/mocks/Service.go:32.45,34.3 1 0
AltaStore/business/checkout/mocks/Service.go:34.8,36.3 1 0
AltaStore/business/checkout/mocks/Service.go:42.83,46.72 3 0
AltaStore/business/checkout/mocks/Service.go:54.2,55.51 2 0
AltaStore/business/checkout/mocks/Service.go:61.2,61.15 1 0
AltaStore/business/checkout/mocks/Service.go:46.72,48.3 1 0
AltaStore/business/checkout/mocks/Service.go:48.8,49.24 1 0
AltaStore/business/checkout/mocks/Service.go:49.24,51.4 1 0
AltaStore/business/checkout/mocks/Service.go:55.51,57.3 1 0
AltaStore/business/checkout/mocks/Service.go:57.8,59.3 1 0
AltaStore/business/checkout/mocks/Service.go:65.107,69.80 3 0
AltaStore/business/checkout/mocks/Service.go:77.2,78.71 2 0
AltaStore/business/checkout/mocks/Service.go:84.2,84.15 1 0
AltaStore/business/checkout/mocks/Service.go:69.80,71.3 1 0
AltaStore/business/checkout/mocks/Service.go:71.8,72.24 1 0
AltaStore/business/checkout/mocks/Service.go:72.24,74.4 1 0
AltaStore/business/checkout/mocks/Service.go:78.71,80.3 1 0
AltaStore/business/checkout/mocks/Service.go:80.8,82.3 1 0
AltaStore/business/shopping/shopping.go:34.85,42.31 6 1
AltaStore/business/shopping/shopping.go:47.2,47.35 1 1
AltaStore/business/shopping/shopping.go:51.2,51.24 1 1
AltaStore/business/shopping/shopping.go:42.31,45.3 2 1
AltaStore/business/shopping/shopping.go:47.35,49.3 1 0
AltaStore/business/shopping/shopping.go:54.88,63.2 1 1
AltaStore/business/shopping/shopping.go:65.88,72.2 1 1
AltaStore/business/shopping/shopping.go:74.79,83.2 1 1
AltaStore/business/shopping/shopping.go:85.98,88.30 2 1
AltaStore/business/shopping/shopping.go:92.2,92.20 1 1
AltaStore/business/shopping/shopping.go:96.2,96.17 1 1
AltaStore/business/shopping/shopping.go:88.30,90.3 1 1
AltaStore/business/shopping/shopping.go:92.20,94.3 1 0
AltaStore/api/middleware/logger.go:15.46,18.14 2 0
AltaStore/api/middleware/logger.go:25.2,31.4 1 0
AltaStore/api/middleware/logger.go:18.14,23.3 1 0
AltaStore/api/middleware/logger.go:34.63,35.36 1 0
AltaStore/api/middleware/logger.go:35.36,38.3 2 0
AltaStore/api/middleware/logger.go:41.46,43.8 2 0
AltaStore/api/middleware/logger.go:49.2,50.46 2 0
AltaStore/api/middleware/logger.go:43.8,45.3 1 0
AltaStore/api/middleware/logger.go:45.8,47.3 1 0
AltaStore/api/v1/checkout/controller.go:20.58,22.2 1 0
AltaStore/api/v1/checkout/controller.go:24.70,29.50 3 0
AltaStore/api/v1/checkout/controller.go:33.2,34.16 2 0
AltaStore/api/v1/checkout/controller.go:37.2,37.46 1 0
AltaStore/api/v1/checkout/controller.go:41.2,42.16 2 0
AltaStore/api/v1/checkout/controller.go:46.2,46.55 1 0
AltaStore/api/v1/checkout/controller.go:29.50,31.3 1 0
AltaStore/api/v1/checkout/controller.go:34.16,36.3 1 0
AltaStore/api/v1/checkout/controller.go:37.46,39.3 1 0
AltaStore/api/v1/checkout/controller.go:42.16,44.3 1 0
AltaStore/api/v1/checkout/controller.go:49.61,51.16 2 0
AltaStore/api/v1/checkout/controller.go:55.2,55.85 1 0
AltaStore/api/v1/checkout/controller.go:51.16,53.3 1 0
AltaStore/api/v1/checkout/controller.go:58.62,61.42 2 0
AltaStore/api/v1/checkout/controller.go:65.2,66.16 2 0
AltaStore/api/v1/checkout/controller.go:70.2,70.98 1 0
AltaStore/api/v1/checkout/controller.go:61.42,63.3 1 0
AltaStore/api/v1/checkout/controller.go:66.16,68.3 1 0
AltaStore/modules/shopping/repository.go:26.58,34.2 1 0
AltaStore/modules/shopping/repository.go:36.87,42.2 5 0
AltaStore/modules/shopping/repository.go:44.45,46.2 1 0
AltaStore/modules/shopping/repository.go:48.90,52.16 3 0
AltaStore/modules/shopping/repository.go:56.2,56.36 1 0
AltaStore/modules/shopping/repository.go:52.16,54.3 1 0
AltaStore/modules/shopping/repository.go:59.82,63.16 3 0
AltaStore/modules/shopping/repository.go:67.2,67.36 1 0
AltaStore/modules/shopping/repository.go:63.16,65.3 1 0
AltaStore/modules/shopping/repository.go:70.81,75.16 3 0
AltaStore/modules/shopping/repository.go:79.2,79.66 1 0
AltaStore/modules/shopping/repository.go:75.16,77.3 1 0
AltaStore/modules/shopping/repository.go:82.114,88.45 3 0
AltaStore/modules/shopping/repository.go:92.2,94.53 2 0
AltaStore/modules/shopping/repository.go:98.2,98.36 1 0
AltaStore/modules/shopping/repository.go:88.45,90.3 1 0
AltaStore/modules/shopping/repository.go:94.53,96.3 1 0
AltaStore/business/checkoutpayment/mocks/Repository.go:17.67,21.50 3 0
AltaStore/business/checkoutpayment/mocks/Repository.go:27.2,28.51 2 0
AltaStore/business/checkoutpayment/mocks/Repository.go:34.2,34.15 1 0
AltaStore/business/checkoutpayment/mocks/Repository.go:21.50,23.3 1 0
AltaStore/business/checkoutpayment/mocks/Repository.go:23.8,25.3 1 0
AltaStore/business/checkoutpayment/mocks/Repository.go:28.51,30.3 1 0
AltaStore/business/checkoutpayment/mocks/Repository.go:30.8,32.3 1 0
AltaStore/business/checkoutpayment/mocks/Repository.go:38.99,42.78 3 0
AltaStore/business/checkoutpayment/mocks/Repository.go:50.2,51.51 2 0
AltaStore/business/checkoutpayment/mocks/Repository.go:57.2,57.15 1 0
AltaStore/business/checkoutpayment/mocks/Repository.go:42.78,44.3 1 0
AltaStore/business/checkoutpayment/mocks/Repository.go:44.8,45.24 1 0
AltaStore/business/checkoutpayment/mocks/Repository.go:45.24,47.4 1 0
AltaStore/business/checkoutpayment/mocks/Repository.go:51.51,53.3 1 0
AltaStore/business/checkoutpayment/mocks/Repository.go:53.8,55.3 1 0
AltaStore/business/checkoutpayment/mocks/Repository.go:61.121,65.104 3 0
AltaStore/business/checkoutpayment/mocks/Repository.go:73.2,74.77 2 0
AltaStore/business/checkoutpayment/mocks/Repository.go:80.2,80.15 1 0
AltaStore/business/checkoutpayment/mocks/Repository.go:65.104,67.3 1 0
AltaStore/business/checkoutpayment/mocks/Repository.go:67.8,68.24 1 0
AltaStore/business/checkoutpayment/mocks/Repository.go:68.24,70.4 1 0
AltaStore/business/checkoutpayment/mocks/Repository.go:74.77,76.3 1 0
AltaStore/business/checkoutpayment/mocks/Repository.go:76.8,78.3 1 0
AltaStore/business/checkoutpayment/mocks/Service.go:19.116,23.75 3 0
AltaStore/business/checkoutpayment/mocks/Service.go:31.2,32.66 2 0
AltaStore/business/checkoutpayment/mocks/Service.go:38.2,38.15 1 0
AltaStore/business/checkoutpayment/mocks/Service.go:23.75,25.3 1 0
AltaStore/business/checkoutpayment/mocks/Service.go:25.8,26.24 1 0
AltaStore/business/checkoutpayment/mocks/Service.go:26.24,28.4 1 0
AltaStore/business/checkoutpayment/mocks/Service.go:32.66,34.3 1 0
AltaStore/business/checkoutpayment/mocks/Service.go:34.8,36.3 1 0
AltaStore/business/checkoutpayment/mocks/Service.go:42.96,46.78 3 0
AltaStore/business/checkoutpayment/mocks/Service.go:54.2,55.51 2 0
AltaStore/business/checkoutpayment/mocks/Service.go:61.2,61.15 1 0
AltaStore/business/checkoutpayment/mocks/Service.go:46.78,48.3 1 0
AltaStore/business/checkoutpayment/mocks/Service.go:48.8,49.24 1 0
AltaStore/business/checkoutpayment/mocks/Service.go:49.24,51.4 1 0
AltaStore/business/checkoutpayment/mocks/Service.go:55.51,57.3 1 0
AltaStore/business/checkoutpayment/mocks/Service.go:57.8,59.3 1 0
AltaStore/business/checkoutpayment/mocks/Service.go:65.136,69.114 3 0
AltaStore/business/checkoutpayment/mocks/Service.go:77.2,78.86 2 0
AltaStore/business/checkoutpayment/mocks/Service.go:84.2,84.15 1 0
AltaStore/business/checkoutpayment/mocks/Service.go:69.114,71.3 1 0
AltaStore/business/checkoutpayment/mocks/Service.go:71.8,72.24 1 0
AltaStore/business/checkoutpayment/mocks/Service.go:72.24,74.4 1 0
AltaStore/business/checkoutpayment/mocks/Service.go:78.86,80.3 1 0
AltaStore/business/checkoutpayment/mocks/Service.go:80.8,82.3 1 0
AltaStore/api/common/success_response.go:11.74,13.2 1 0
AltaStore/api/common/success_response.go:15.61,17.2 1 0
AltaStore/api/v1/checkout/response/sumcheckout.go:17.70,26.2 1 0
AltaStore/api/v1/checkout/response/sumcheckout.go:28.69,31.32 2 0
AltaStore/api/v1/checkout/response/sumcheckout.go:35.2,35.21 1 0
AltaStore/api/v1/checkout/response/sumcheckout.go:39.2,39.18 1 0
AltaStore/api/v1/checkout/response/sumcheckout.go:31.32,33.3 1 0
AltaStore/api/v1/checkout/response/sumcheckout.go:35.21,37.3 1 0
AltaStore/api/v1/checkout/response/sumcheckout.go:60.58,68.2 1 0
AltaStore/api/v1/checkout/response/sumcheckout.go:70.86,80.40 8 0
AltaStore/api/v1/checkout/response/sumcheckout.go:84.2,84.26 1 0
AltaStore/api/v1/checkout/response/sumcheckout.go:88.2,88.15 1 0
AltaStore/api/v1/checkout/response/sumcheckout.go:80.40,82.3 1 0
AltaStore/api/v1/checkout/response/sumcheckout.go:84.26,86.3 1 0
AltaStore/api/v1/shopping/request/insert_detail.go:11.88,17.2 1 0
AltaStore/business/logger/service.go:9.48,11.2 1 0
AltaStore/business/logger/service.go:13.54,19.2 3 0
AltaStore/business/checkout/mocks/Repository.go:17.70,21.60 3 0
AltaStore/business/checkout/mocks/Repository.go:29.2,30.45 2 0
AltaStore/business/checkout/mocks/Repository.go:36.2,36.15 1 0
AltaStore/business/checkout/mocks/Repository.go:21.60,23.3 1 0
AltaStore/business/checkout/mocks/Repository.go:23.8,24.24 1 0
AltaStore/business/checkout/mocks/Repository.go:24.24,26.4 1 0
AltaStore/business/checkout/mocks/Repository.go:30.45,32.3 1 0
AltaStore/business/checkout/mocks/Repository.go:32.8,34.3 1 0
AltaStore/business/checkout/mocks/Repository.go:40.78,44.64 3 0
AltaStore/business/checkout/mocks/Repository.go:52.2,53.51 2 0
AltaStore/business/checkout/mocks/Repository.go:59.2,59.15 1 0
AltaStore/business/checkout/mocks/Repository.go:44.64,46.3 1 0
AltaStore/business/checkout/mocks/Repository.go:46.8,47.24 1 0
AltaStore/business/checkout/mocks/Repository.go:47.24,49.4 1 0
AltaStore/business/checkout/mocks/Repository.go:53.51,55.3 1 0
AltaStore/business/checkout/mocks/Repository.go:55.8,57.3 1 0
AltaStore/business/checkout/mocks/Repository.go:63.80,67.50 3 0
AltaStore/business/checkout/mocks/Repository.go:73.2,74.51 2 0
AltaStore/business/checkout/mocks/Repository.go:80.2,80.15 1 0
AltaStore/business/checkout/mocks/Repository.go:67.50,69.3 1 0
AltaStore/business/checkout/mocks/Repository.go:69.8,71.3 1 0
AltaStore/business/checkout/mocks/Repository.go:74.51,76.3 1 0
AltaStore/business/checkout/mocks/Repository.go:76.8,78.3 1 0
AltaStore/business/checkout/mocks/Repository.go:84.77,88.63 3 0
AltaStore/business/checkout/mocks/Repository.go:94.2,94.11 1 0
AltaStore/business/checkout/mocks/Repository.go:88.63,90.3 1 0
AltaStore/business/checkout/mocks/Repository.go:90.8,92.3 1 0
AltaStore/business/shopping/mocks/RepositoryCartDetail.go:17.93,21.59 3 1
AltaStore/business/shopping/mocks/RepositoryCartDetail.go:27.2,27.11 1 1
AltaStore/business/shopping/mocks/RepositoryCartDetail.go:21.59,23.3 1 0
AltaStore/business/shopping/mocks/RepositoryCartDetail.go:23.8,25.3 1 1
AltaStore/business/shopping/mocks/RepositoryCartDetail.go:31.127,35.97 3 1
AltaStore/business/shopping/mocks/RepositoryCartDetail.go:43.2,44.51 2 1
AltaStore/business/shopping/mocks/RepositoryCartDetail.go:50.2,50.15 1 1
AltaStore/business/shopping/mocks/RepositoryCartDetail.go:35.97,37.3 1 0
AltaStore/business/shopping/mocks/RepositoryCartDetail.go:37.8,38.24 1 1
AltaStore/business/shopping/mocks/RepositoryCartDetail.go:38.24,40.4 1 1
AltaStore/business/shopping/mocks/RepositoryCartDetail.go:44.51,46.3 1 0
AltaStore/business/shopping/mocks/RepositoryCartDetail.go:46.8,48.3 1 1
AltaStore/business/shopping/mocks/RepositoryCartDetail.go:54.118,58.89 3 1
AltaStore/business/shopping/mocks/RepositoryCartDetail.go:64.2,64.11 1 1
AltaStore/business/shopping/mocks/RepositoryCartDetail.go:58.89,60.3 1 0
AltaStore/business/shopping/mocks/RepositoryCartDetail.go:60.8,62.3 1 1
AltaStore/business/shopping/mocks/RepositoryCartDetail.go:68.115,72.89 3 1
AltaStore/business/shopping/mocks/RepositoryCartDetail.go:78.2,78.11 1 1
AltaStore/business/shopping/mocks/RepositoryCartDetail.go:72.89,74.3 1 0
AltaStore/business/shopping/mocks/RepositoryCartDetail.go:74.8,76.3 1 1
AltaStore/config/config.go:26.29,52.16 20 0
AltaStore/config/config.go:57.2,59.16 3 0
AltaStore/config/config.go:64.2,64.21 1 0
AltaStore/config/config.go:52.16,55.3 2 0
AltaStore/config/config.go:59.16,62.3 2 0
AltaStore/modules/shoppingdetail/repository.go:15.45,17.2 1 0
AltaStore/modules/shoppingdetail/repository.go:52.86,62.2 1 0
AltaStore/modules/shoppingdetail/repository.go:64.71,70.2 1 0
AltaStore/modules/shoppingdetail/repository.go:72.101,78.16 3 0
AltaStore/modules/shoppingdetail/repository.go:82.2,82.29 1 0
AltaStore/modules/shoppingdetail/repository.go:78.16,80.3 1 0
AltaStore/modules/shoppingdetail/repository.go:85.89,92.45 3 0
AltaStore/modules/shoppingdetail/repository.go:99.2,99.58 1 0
AltaStore/modules/shoppingdetail/repository.go:92.45,93.17 1 0
AltaStore/modules/shoppingdetail/repository.go:96.3,96.32 1 0
AltaStore/modules/shoppingdetail/repository.go:93.17,95.4 1 0
AltaStore/modules/shoppingdetail/repository.go:103.92,109.16 3 0
AltaStore/modules/shoppingdetail/repository.go:113.2,113.69 1 0
AltaStore/modules/shoppingdetail/repository.go:109.16,111.3 1 0
AltaStore/modules/shoppingdetail/repository.go:116.82,122.16 3 0
AltaStore/modules/shoppingdetail/repository.go:126.2,126.70 1 0
AltaStore/modules/shoppingdetail/repository.go:122.16,124.3 1 0
AltaStore/api/v1/checkoutpayment/request/insert.go:13.112,24.2 8 0
AltaStore/api/v1/checkoutpayment/request/insert.go:30.120,41.2 8 0
AltaStore/api/routes.go:19.3,20.68 1 0
AltaStore/api/routes.go:25.2,28.53 2 0
AltaStore/api/routes.go:49.2,72.70 18 0
AltaStore/api/routes.go:20.68,21.29 1 0
AltaStore/api/routes.go:28.53,37.40 5 0
AltaStore/api/routes.go:42.3,44.38 2 0
AltaStore/api/routes.go:37.40,40.4 2 0
AltaStore/business/checkout/mocks/RepoShoppingDetail.go:17.125,21.97 3 0
AltaStore/business/checkout/mocks/RepoShoppingDetail.go:29.2,30.51 2 0
AltaStore/business/checkout/mocks/RepoShoppingDetail.go:36.2,36.15 1 0
AltaStore/business/checkout/mocks/RepoShoppingDetail.go:21.97,23.3 1 0
AltaStore/business/checkout/mocks/RepoShoppingDetail.go:23.8,24.24 1 0
AltaStore/business/checkout/mocks/RepoShoppingDetail.go:24.24,26.4 1 0
AltaStore/business/checkout/mocks/RepoShoppingDetail.go:30.51,32.3 1 0
AltaStore/business/checkout/mocks/RepoShoppingDetail.go:32.8,34.3 1 0
AltaStore/api/common/success_response.go:11.74,13.2 1 0
AltaStore/api/common/success_response.go:15.61,17.2 1 0
AltaStore/api/v1/shopping/request/insert_detail.go:11.88,17.2 1 0
AltaStore/api/v1/shopping/response/oneResponse.go:5.58,11.2 1 0
AltaStore/business/logger/service.go:9.48,11.2 1 0
AltaStore/business/logger/service.go:13.54,19.2 3 0
AltaStore/business/checkout/mocks/Repository.go:17.70,21.60 3 1
AltaStore/business/checkout/mocks/Repository.go:29.2,30.45 2 1
AltaStore/business/checkout/mocks/Repository.go:36.2,36.15 1 1
AltaStore/business/checkout/mocks/Repository.go:21.60,23.3 1 0
AltaStore/business/checkout/mocks/Repository.go:23.8,24.24 1 1
AltaStore/business/checkout/mocks/Repository.go:24.24,26.4 1 1
AltaStore/business/checkout/mocks/Repository.go:30.45,32.3 1 0
AltaStore/business/checkout/mocks/Repository.go:32.8,34.3 1 1
AltaStore/business/checkout/mocks/Repository.go:40.78,44.64 3 1
AltaStore/business/checkout/mocks/Repository.go:52.2,53.51 2 1
AltaStore/business/checkout/mocks/Repository.go:59.2,59.15 1 1
AltaStore/business/checkout/mocks/Repository.go:44.64,46.3 1 0
AltaStore/business/checkout/mocks/Repository.go:46.8,47.24 1 1
AltaStore/business/checkout/mocks/Repository.go:47.24,49.4 1 1
AltaStore/business/checkout/mocks/Repository.go:53.51,55.3 1 0
AltaStore/business/checkout/mocks/Repository.go:55.8,57.3 1 1
AltaStore/business/checkout/mocks/Repository.go:63.80,67.50 3 1
AltaStore/business/checkout/mocks/Repository.go:73.2,74.51 2 1
AltaStore/business/checkout/mocks/Repository.go:80.2,80.15 1 1
AltaStore/business/checkout/mocks/Repository.go:67.50,69.3 1 0
AltaStore/business/checkout/mocks/Repository.go:69.8,71.3 1 1
AltaStore/business/checkout/mocks/Repository.go:74.51,76.3 1 0
AltaStore/business/checkout/mocks/Repository.go:76.8,78.3 1 1
AltaStore/business/checkout/mocks/Repository.go:84.77,88.63 3 1
AltaStore/business/checkout/mocks/Repository.go:94.2,94.11 1 1
AltaStore/business/checkout/mocks/Repository.go:88.63,90.3 1 0
AltaStore/business/checkout/mocks/Repository.go:90.8,92.3 1 1
AltaStore/modules/shoppingdetail/repository.go:15.45,17.2 1 0
AltaStore/modules/shoppingdetail/repository.go:52.86,62.2 1 0
AltaStore/modules/shoppingdetail/repository.go:64.71,70.2 1 0
AltaStore/modules/shoppingdetail/repository.go:72.101,78.16 3 0
AltaStore/modules/shoppingdetail/repository.go:82.2,82.29 1 0
AltaStore/modules/shoppingdetail/repository.go:78.16,80.3 1 0
AltaStore/modules/shoppingdetail/repository.go:85.89,92.45 3 0
AltaStore/modules/shoppingdetail/repository.go:99.2,99.58 1 0
AltaStore/modules/shoppingdetail/repository.go:92.45,93.17 1 0
AltaStore/modules/shoppingdetail/repository.go:96.3,96.32 1 0
AltaStore/modules/shoppingdetail/repository.go:93.17,95.4 1 0
AltaStore/modules/shoppingdetail/repository.go:103.92,109.16 3 0
AltaStore/modules/shoppingdetail/repository.go:113.2,113.69 1 0
AltaStore/modules/shoppingdetail/repository.go:109.16,111.3 1 0
AltaStore/modules/shoppingdetail/repository.go:116.82,122.16 3 0
AltaStore/modules/shoppingdetail/repository.go:126.2,126.70 1 0
AltaStore/modules/shoppingdetail/repository.go:122.16,124.3 1 0
AltaStore/api/v1/checkout/response/sumcheckout.go:17.70,26.2 1 0
AltaStore/api/v1/checkout/response/sumcheckout.go:28.69,31.32 2 0
AltaStore/api/v1/checkout/response/sumcheckout.go:35.2,35.21 1 0
AltaStore/api/v1/checkout/response/sumcheckout.go:39.2,39.18 1 0
AltaStore/api/v1/checkout/response/sumcheckout.go:31.32,33.3 1 0
AltaStore/api/v1/checkout/response/sumcheckout.go:35.21,37.3 1 0
AltaStore/api/v1/checkout/response/sumcheckout.go:60.58,68.2 1 0
AltaStore/api/v1/checkout/response/sumcheckout.go:70.86,80.40 8 0
AltaStore/api/v1/checkout/response/sumcheckout.go:84.2,84.26 1 0
AltaStore/api/v1/checkout/response/sumcheckout.go:88.2,88.15 1 0
AltaStore/api/v1/checkout/response/sumcheckout.go:80.40,82.3 1 0
AltaStore/api/v1/checkout/response/sumcheckout.go:84.26,86.3 1 0
AltaStore/business/checkout/mocks/Service.go:19.67,23.60 3 0
AltaStore/business/checkout/mocks/Service.go:31.2,32.45 2 0
AltaStore/business/checkout/mocks/Service.go:38.2,38.15 1 0
AltaStore/business/checkout/mocks/Service.go:23.60,25.3 1 0
AltaStore/business/checkout/mocks/Service.go:25.8,26.24 1 0
AltaStore/business/checkout/mocks/Service.go:26.24,28.4 1 0
AltaStore/business/checkout/mocks/Service.go:32.45,34.3 1 0
AltaStore/business/checkout/mocks/Service.go:34.8,36.3 1 0
AltaStore/business/checkout/mocks/Service.go:42.83,46.72 3 0
AltaStore/business/checkout/mocks/Service.go:54.2,55.51 2 0
AltaStore/business/checkout/mocks/Service.go:61.2,61.15 1 0
AltaStore/business/checkout/mocks/Service.go:46.72,48.3 1 0
AltaStore/business/checkout/mocks/Service.go:48.8,49.24 1 0
AltaStore/business/checkout/mocks/Service.go:49.24,51.4 1 0
AltaStore/business/checkout/mocks/Service.go:55.51,57.3 1 0
AltaStore/business/checkout/mocks/Service.go:57.8,59.3 1 0
AltaStore/business/checkout/mocks/Service.go:65.107,69.80 3 0
AltaStore/business/checkout/mocks/Service.go:77.2,78.71 2 0
AltaStore/business/checkout/mocks/Service.go:84.2,84.15 1 0
AltaStore/business/checkout/mocks/Service.go:69.80,71.3 1 0
AltaStore/business/checkout/mocks/Service.go:71.8,72.24 1 0
AltaStore/business/checkout/mocks/Service.go:72.24,74.4 1 0
AltaStore/business/checkout/mocks/Service.go:78.71,80.3 1 0
AltaStore/business/checkout/mocks/Service.go:80.8,82.3 1 0
AltaStore/business/shopping/mocks/Repository.go:19.83,23.65 3 0
AltaStore/business/shopping/mocks/Repository.go:31.2,32.51 2 0
AltaStore/business/shopping/mocks/Repository.go:38.2,38.15 1 0
AltaStore/business/shopping/mocks/Repository.go:23.65,25.3 1 0
AltaStore/business/shopping/mocks/Repository.go:25.8,26.24 1 0
AltaStore/business/shopping/mocks/Repository.go:26.24,28.4 1 0
AltaStore/business/shopping/mocks/Repository.go:32.51,34.3 1 0
AltaStore/business/shopping/mocks/Repository.go:34.8,36.3 1 0
AltaStore/business/shopping/mocks/Repository.go:42.91,46.65 3 0
AltaStore/business/shopping/mocks/Repository.go:54.2,55.51 2 0
AltaStore/business/shopping/mocks/Repository.go:61.2,61.15 1 0
AltaStore/business/shopping/mocks/Repository.go:46.65,48.3 1 0
AltaStore/business/shopping/mocks/Repository.go:48.8,49.24 1 0
AltaStore/business/shopping/mocks/Repository.go:49.24,51.4 1 0
AltaStore/business/shopping/mocks/Repository.go:55.51,57.3 1 0
AltaStore/business/shopping/mocks/Repository.go:57.8,59.3 1 0
AltaStore/business/shopping/mocks/Repository.go:65.115,69.84 3 0
AltaStore/business/shopping/mocks/Repository.go:77.2,78.70 2 0
AltaStore/business/shopping/mocks/Repository.go:84.2,84.15 1 0
AltaStore/business/shopping/mocks/Repository.go:69.84,71.3 1 0
AltaStore/business/shopping/mocks/Repository.go:71.8,72.24 1 0
AltaStore/business/shopping/mocks/Repository.go:72.24,74.4 1 0
AltaStore/business/shopping/mocks/Repository.go:78.70,80.3 1 0
AltaStore/business/shopping/mocks/Repository.go:80.8,82.3 1 0
AltaStore/business/shopping/mocks/Repository.go:88.82,92.57 3 0
AltaStore/business/shopping/mocks/Repository.go:98.2,98.11 1 0
AltaStore/business/shopping/mocks/Repository.go:92.57,94.3 1 0
AltaStore/business/shopping/mocks/Repository.go:94.8,96.3 1 0
AltaStore/business/shopping/mocks/RepositoryCartDetail.go:17.93,21.59 3 0
AltaStore/business/shopping/mocks/RepositoryCartDetail.go:27.2,27.11 1 0
AltaStore/business/shopping/mocks/RepositoryCartDetail.go:21.59,23.3 1 0
AltaStore/business/shopping/mocks/RepositoryCartDetail.go:23.8,25.3 1 0
AltaStore/business/shopping/mocks/RepositoryCartDetail.go:31.127,35.97 3 0
AltaStore/business/shopping/mocks/RepositoryCartDetail.go:43.2,44.51 2 0
AltaStore/business/shopping/mocks/RepositoryCartDetail.go:50.2,50.15 1 0
AltaStore/business/shopping/mocks/RepositoryCartDetail.go:35.97,37.3 1 0
AltaStore/business/shopping/mocks/RepositoryCartDetail.go:37.8,38.24 1 0
AltaStore/business/shopping/mocks/RepositoryCartDetail.go:38.24,40.4 1 0
AltaStore/business/shopping/mocks/RepositoryCartDetail.go:44.51,46.3 1 0
AltaStore/business/shopping/mocks/RepositoryCartDetail.go:46.8,48.3 1 0
AltaStore/business/shopping/mocks/RepositoryCartDetail.go:54.118,58.89 3 0
AltaStore/business/shopping/mocks/RepositoryCartDetail.go:64.2,64.11 1 0
AltaStore/business/shopping/mocks/RepositoryCartDetail.go:58.89,60.3 1 0
AltaStore/business/shopping/mocks/RepositoryCartDetail.go:60.8,62.3 1 0
AltaStore/business/shopping/mocks/RepositoryCartDetail.go:68.115,72.89 3 0
AltaStore/business/shopping/mocks/RepositoryCartDetail.go:78.2,78.11 1 0
AltaStore/business/shopping/mocks/RepositoryCartDetail.go:72.89,74.3 1 0
AltaStore/business/shopping/mocks/RepositoryCartDetail.go:74.8,76.3 1 0
AltaStore/business/checkout/checkout.go:20.56,28.2 5 1
AltaStore/business/checkout/checkout.go:50.79,59.2 1 1
AltaStore/business/checkout/checkout.go:61.98,64.30 2 1
AltaStore/business/checkout/checkout.go:68.2,68.20 1 1
AltaStore/business/checkout/checkout.go:72.2,72.17 1 1
AltaStore/business/checkout/checkout.go:64.30,66.3 1 1
AltaStore/business/checkout/checkout.go:68.20,70.3 1 0
AltaStore/business/checkout/checkout.go:75.83,86.2 1 1
AltaStore/business/checkout/service.go:24.11,31.2 1 1
AltaStore/business/checkout/service.go:33.102,35.16 2 1
AltaStore/business/checkout/service.go:39.2,42.16 3 1
AltaStore/business/checkout/service.go:46.2,46.12 1 1
AltaStore/business/checkout/service.go:50.2,51.16 2 1
AltaStore/business/checkout/service.go:55.2,56.16 2 1
AltaStore/business/checkout/service.go:60.2,61.16 2 1
AltaStore/business/checkout/service.go:65.2,66.28 2 1
AltaStore/business/checkout/service.go:70.2,77.16 3 1
AltaStore/business/checkout/service.go:80.2,83.7 1 0
AltaStore/business/checkout/service.go:35.16,37.3 1 0
AltaStore/business/checkout/service.go:42.16,44.3 1 1
AltaStore/business/checkout/service.go:46.12,48.3 1 1
AltaStore/business/checkout/service.go:51.16,53.3 1 1
AltaStore/business/checkout/service.go:56.16,58.3 1 1
AltaStore/business/checkout/service.go:61.16,63.3 1 1
AltaStore/business/checkout/service.go:66.28,68.3 1 1
AltaStore/business/checkout/service.go:77.16,79.3 1 1
AltaStore/business/checkout/service.go:86.57,88.2 1 1
AltaStore/business/checkout/service.go:90.73,93.16 2 1
AltaStore/business/checkout/service.go:97.2,98.16 2 1
AltaStore/business/checkout/service.go:101.2,103.55 2 1
AltaStore/business/checkout/service.go:93.16,95.3 1 1
AltaStore/business/checkout/service.go:98.16,100.3 1 1
AltaStore/api/middleware/logger.go:15.46,18.14 2 0
AltaStore/api/middleware/logger.go:25.2,31.4 1 0
AltaStore/api/middleware/logger.go:18.14,23.3 1 0
AltaStore/api/middleware/logger.go:34.63,35.36 1 0
AltaStore/api/middleware/logger.go:35.36,38.3 2 0
AltaStore/api/middleware/logger.go:41.46,43.8 2 0
AltaStore/api/middleware/logger.go:49.2,50.46 2 0
AltaStore/api/middleware/logger.go:43.8,45.3 1 0
AltaStore/api/middleware/logger.go:45.8,47.3 1 0
AltaStore/business/user/service.go:39.48,43.2 1 0
AltaStore/business/user/service.go:46.67,48.16 2 0
AltaStore/business/user/service.go:52.2,53.21 2 0
AltaStore/business/user/service.go:57.2,58.16 2 0
AltaStore/business/user/service.go:61.2,73.16 4 0
AltaStore/business/user/service.go:77.2,77.12 1 0
AltaStore/business/user/service.go:48.16,50.3 1 0
AltaStore/business/user/service.go:53.21,55.3 1 0
AltaStore/business/user/service.go:58.16,60.3 1 0
AltaStore/business/user/service.go:73.16,75.3 1 0
AltaStore/business/user/service.go:81.92,83.2 1 0
AltaStore/business/user/service.go:86.64,88.2 1 0
AltaStore/business/user/service.go:91.58,93.2 1 0
AltaStore/business/user/service.go:96.105,99.16 2 0
AltaStore/business/user/service.go:111.2,112.16 2 0
AltaStore/business/user/service.go:115.2,121.54 2 0
AltaStore/business/user/service.go:99.16,101.3 1 0
AltaStore/business/user/service.go:101.8,101.24 1 0
AltaStore/business/user/service.go:101.24,103.3 1 0
AltaStore/business/user/service.go:103.8,103.33 1 0
AltaStore/business/user/service.go:103.33,105.3 1 0
AltaStore/business/user/service.go:105.8,107.17 2 0
AltaStore/business/user/service.go:107.17,109.4 1 0
AltaStore/business/user/service.go:112.16,114.3 1 0
AltaStore/business/user/service.go:125.95,127.16 2 0
AltaStore/business/user/service.go:135.2,144.46 2 0
AltaStore/business/user/service.go:127.16,129.3 1 0
AltaStore/business/user/service.go:129.8,129.24 1 0
AltaStore/business/user/service.go:129.24,131.3 1 0
AltaStore/business/user/service.go:131.8,131.33 1 0
AltaStore/business/user/service.go:131.33,133.3 1 0
AltaStore/business/user/service.go:148.64,150.16 2 0
AltaStore/business/user/service.go:156.2,161.44 2 0
AltaStore/business/user/service.go:150.16,152.3 1 0
AltaStore/business/user/service.go:152.8,152.24 1 0
AltaStore/business/user/service.go:152.24,154.3 1 0
AltaStore/api/v1/checkoutpayment/request/insert.go:13.112,24.2 8 0
AltaStore/api/v1/checkoutpayment/request/insert.go:30.120,41.2 8 0
AltaStore/api/v1/checkoutpayment/controller.go:17.65,19.2 1 0
AltaStore/api/v1/checkoutpayment/controller.go:38.72,45.47 6 0
AltaStore/api/v1/checkoutpayment/controller.go:48.2,56.16 9 0
AltaStore/api/v1/checkoutpayment/controller.go:59.2,61.3 1 0
AltaStore/api/v1/checkoutpayment/controller.go:45.47,47.3 1 0
AltaStore/api/v1/checkoutpayment/controller.go:56.16,58.3 1 0
AltaStore/api/v1/checkoutpayment/controller.go:63.64,67.42 3 0
AltaStore/api/v1/checkoutpayment/controller.go:70.2,71.16 2 0
AltaStore/api/v1/checkoutpayment/controller.go:74.2,75.28 2 0
AltaStore/api/v1/checkoutpayment/controller.go:78.2,78.47 1 0
AltaStore/api/v1/checkoutpayment/controller.go:81.2,82.16 2 0
AltaStore/api/v1/checkoutpayment/controller.go:85.2,87.3 1 0
AltaStore/api/v1/checkoutpayment/controller.go:67.42,69.3 1 0
AltaStore/api/v1/checkoutpayment/controller.go:71.16,73.3 1 0
AltaStore/api/v1/checkoutpayment/controller.go:75.28,77.3 1 0
AltaStore/api/v1/checkoutpayment/controller.go:78.47,80.3 1 0
AltaStore/api/v1/checkoutpayment/controller.go:82.16,84.3 1 0
AltaStore/modules/checkoutpayment/repository.go:26.72,41.2 1 0
AltaStore/modules/checkoutpayment/repository.go:43.70,58.2 1 0
AltaStore/modules/checkoutpayment/repository.go:64.45,66.2 1 0
AltaStore/modules/checkoutpayment/repository.go:67.114,69.26 2 0
AltaStore/modules/checkoutpayment/repository.go:76.2,77.48 2 0
AltaStore/modules/checkoutpayment/repository.go:81.2,81.30 1 0
AltaStore/modules/checkoutpayment/repository.go:69.26,72.17 2 0
AltaStore/modules/checkoutpayment/repository.go:72.17,74.4 1 0
AltaStore/modules/checkoutpayment/repository.go:77.48,79.3 1 0
AltaStore/modules/checkoutpayment/repository.go:84.98,87.16 3 0
AltaStore/modules/checkoutpayment/repository.go:91.2,91.30 1 0
AltaStore/modules/checkoutpayment/repository.go:87.16,89.3 1 0
AltaStore/modules/checkoutpayment/repository.go:94.66,97.16 3 0
AltaStore/modules/checkoutpayment/repository.go:101.2,101.18 1 0
AltaStore/modules/checkoutpayment/repository.go:97.16,99.3 1 0
AltaStore/business/user/mocks/Repository.go:17.55,21.54 3 0
AltaStore/business/user/mocks/Repository.go:27.2,27.11 1 0
AltaStore/business/user/mocks/Repository.go:21.54,23.3 1 0
AltaStore/business/user/mocks/Repository.go:23.8,25.3 1 0
AltaStore/business/user/mocks/Repository.go:31.73,35.56 3 0
AltaStore/business/user/mocks/Repository.go:43.2,44.51 2 0
AltaStore/business/user/mocks/Repository.go:50.2,50.15 1 0
AltaStore/business/user/mocks/Repository.go:35.56,37.3 1 0
AltaStore/business/user/mocks/Repository.go:37.8,38.24 1 0
AltaStore/business/user/mocks/Repository.go:38.24,40.4 1 0
AltaStore/business/user/mocks/Repository.go:44.51,46.3 1 0
AltaStore/business/user/mocks/Repository.go:46.8,48.3 1 0
AltaStore/business/user/mocks/Repository.go:54.101,58.64 3 0
AltaStore/business/user/mocks/Repository.go:66.2,67.59 2 0
AltaStore/business/user/mocks/Repository.go:73.2,73.15 1 0
AltaStore/business/user/mocks/Repository.go:58.64,60.3 1 0
AltaStore/business/user/mocks/Repository.go:60.8,61.24 1 0
AltaStore/business/user/mocks/Repository.go:61.24,63.4 1 0
AltaStore/business/user/mocks/Repository.go:67.59,69.3 1 0
AltaStore/business/user/mocks/Repository.go:69.8,71.3 1 0
AltaStore/business/user/mocks/Repository.go:77.67,81.56 3 0
AltaStore/business/user/mocks/Repository.go:89.2,90.51 2 0
AltaStore/business/user/mocks/Repository.go:96.2,96.15 1 0
AltaStore/business/user/mocks/Repository.go:81.56,83.3 1 0
AltaStore/business/user/mocks/Repository.go:83.8,84.24 1 0
AltaStore/business/user/mocks/Repository.go:84.24,86.4 1 0
AltaStore/business/user/mocks/Repository.go:90.51,92.3 1 0
AltaStore/business/user/mocks/Repository.go:92.8,94.3 1 0
AltaStore/business/user/mocks/Repository.go:100.55,104.54 3 0
AltaStore/business/user/mocks/Repository.go:110.2,110.11 1 0
AltaStore/business/user/mocks/Repository.go:104.54,106.3 1 0
AltaStore/business/user/mocks/Repository.go:106.8,108.3 1 0
AltaStore/business/user/mocks/Repository.go:114.55,118.54 3 0
AltaStore/business/user/mocks/Repository.go:124.2,124.11 1 0
AltaStore/business/user/mocks/Repository.go:118.54,120.3 1 0
AltaStore/business/user/mocks/Repository.go:120.8,122.3 1 0
AltaStore/business/user/mocks/Repository.go:128.63,132.54 3 0
AltaStore/business/user/mocks/Repository.go:138.2,138.11 1 0
AltaStore/business/user/mocks/Repository.go:132.54,134.3 1 0
AltaStore/business/user/mocks/Repository.go:134.8,136.3 1 0
AltaStore/business/user/mocks/Service.go:17.64,21.59 3 0
AltaStore/business/user/mocks/Service.go:27.2,27.11 1 0
AltaStore/business/user/mocks/Service.go:21.59,23.3 1 0
AltaStore/business/user/mocks/Service.go:23.8,25.3 1 0
AltaStore/business/user/mocks/Service.go:31.70,35.56 3 0
AltaStore/business/user/mocks/Service.go:43.2,44.51 2 0
AltaStore/business/user/mocks/Service.go:50.2,50.15 1 0
AltaStore/business/user/mocks/Service.go:35.56,37.3 1 0
AltaStore/business/user/mocks/Service.go:37.8,38.24 1 0
AltaStore/business/user/mocks/Service.go:38.24,40.4 1 0
AltaStore/business/user/mocks/Service.go:44.51,46.3 1 0
AltaStore/business/user/mocks/Service.go:46.8,48.3 1 0
AltaStore/business/user/mocks/Service.go:54.98,58.64 3 0
AltaStore/business/user/mocks/Service.go:66.2,67.59 2 0
AltaStore/business/user/mocks/Service.go:73.2,73.15 1 0
AltaStore/business/user/mocks/Service.go:58.64,60.3 1 0
AltaStore/business/user/mocks/Service.go:60.8,61.24 1 0
AltaStore/business/user/mocks/Service.go:61.24,63.4 1 0
AltaStore/business/user/mocks/Service.go:67.59,69.3 1 0
AltaStore/business/user/mocks/Service.go:69.8,71.3 1 0
AltaStore/business/user/mocks/Service.go:77.64,81.56 3 0
AltaStore/business/user/mocks/Service.go:89.2,90.51 2 0
AltaStore/business/user/mocks/Service.go:96.2,96.15 1 0
AltaStore/business/user/mocks/Service.go:81.56,83.3 1 0
AltaStore/business/user/mocks/Service.go:83.8,84.24 1 0
AltaStore/business/user/mocks/Service.go:84.24,86.4 1 0
AltaStore/business/user/mocks/Service.go:90.51,92.3 1 0
AltaStore/business/user/mocks/Service.go:92.8,94.3 1 0
AltaStore/business/user/mocks/Service.go:100.73,104.64 3 0
AltaStore/business/user/mocks/Service.go:110.2,110.11 1 0
AltaStore/business/user/mocks/Service.go:104.64,106.3 1 0
AltaStore/business/user/mocks/Service.go:106.8,108.3 1 0
AltaStore/business/user/mocks/Service.go:114.101,118.80 3 0
AltaStore/business/user/mocks/Service.go:124.2,124.11 1 0
AltaStore/business/user/mocks/Service.go:118.80,120.3 1 0
AltaStore/business/user/mocks/Service.go:120.8,122.3 1 0
AltaStore/business/user/mocks/Service.go:128.110,132.75 3 0
AltaStore/business/user/mocks/Service.go:138.2,138.11 1 0
AltaStore/business/user/mocks/Service.go:132.75,134.3 1 0
AltaStore/business/user/mocks/Service.go:134.8,136.3 1 0
AltaStore/api/common/error_controller_response.go:12.53,14.2 1 0
AltaStore/api/common/error_controller_response.go:16.52,18.2 1 0
AltaStore/api/common/error_controller_response.go:20.51,22.2 1 0
AltaStore/api/common/error_controller_response.go:24.55,26.2 1 0
AltaStore/api/v1/shopping/controller.go:20.58,22.2 1 0
AltaStore/api/v1/shopping/controller.go:24.70,27.16 2 0
AltaStore/api/v1/shopping/controller.go:31.2,31.46 1 0
AltaStore/api/v1/shopping/controller.go:35.2,36.16 2 0
AltaStore/api/v1/shopping/controller.go:40.2,42.59 2 0
AltaStore/api/v1/shopping/controller.go:27.16,29.3 1 0
AltaStore/api/v1/shopping/controller.go:31.46,33.3 1 0
AltaStore/api/v1/shopping/controller.go:36.16,38.3 1 0
AltaStore/api/v1/shopping/controller.go:45.62,49.16 3 0
AltaStore/api/v1/shopping/controller.go:53.2,53.46 1 0
AltaStore/api/v1/shopping/controller.go:57.2,58.16 2 0
AltaStore/api/v1/shopping/controller.go:62.2,64.59 2 0
AltaStore/api/v1/shopping/controller.go:49.16,51.3 1 0
AltaStore/api/v1/shopping/controller.go:53.46,55.3 1 0
AltaStore/api/v1/shopping/controller.go:58.16,60.3 1 0
AltaStore/api/v1/shopping/controller.go:67.68,70.46 2 0
AltaStore/api/v1/shopping/controller.go:74.2,75.16 2 0
AltaStore/api/v1/shopping/controller.go:79.2,80.16 2 0
AltaStore/api/v1/shopping/controller.go:84.2,84.89 1 0
AltaStore/api/v1/shopping/controller.go:70.46,72.3 1 0
AltaStore/api/v1/shopping/controller.go:75.16,77.3 1 0
AltaStore/api/v1/shopping/controller.go:80.16,82.3 1 0
AltaStore/api/v1/shopping/controller.go:87.64,91.46 3 0
AltaStore/api/v1/shopping/controller.go:95.2,96.16 2 0
AltaStore/api/v1/shopping/controller.go:100.2,100.39 1 0
AltaStore/api/v1/shopping/controller.go:104.2,105.16 2 0
AltaStore/api/v1/shopping/controller.go:109.2,109.54 1 0
AltaStore/api/v1/shopping/controller.go:91.46,93.3 1 0
AltaStore/api/v1/shopping/controller.go:96.16,98.3 1 0
AltaStore/api/v1/shopping/controller.go:100.39,102.3 1 0
AltaStore/api/v1/shopping/controller.go:105.16,107.3 1 0
AltaStore/api/v1/shopping/controller.go:112.67,117.46 4 0
AltaStore/api/v1/shopping/controller.go:121.2,122.16 2 0
AltaStore/api/v1/shopping/controller.go:126.2,126.39 1 0
AltaStore/api/v1/shopping/controller.go:130.2,131.16 2 0
AltaStore/api/v1/shopping/controller.go:135.2,135.54 1 0
AltaStore/api/v1/shopping/controller.go:117.46,119.3 1 0
AltaStore/api/v1/shopping/controller.go:122.16,124.3 1 0
AltaStore/api/v1/shopping/controller.go:126.39,128.3 1 0
AltaStore/api/v1/shopping/controller.go:131.16,133.3 1 0
AltaStore/api/v1/shopping/controller.go:138.67,148.16 7 0
AltaStore/api/v1/shopping/controller.go:152.2,152.32 1 0
AltaStore/api/v1/shopping/controller.go:156.2,157.16 2 0
AltaStore/api/v1/shopping/controller.go:161.2,161.54 1 0
AltaStore/api/v1/shopping/controller.go:148.16,150.3 1 0
AltaStore/api/v1/shopping/controller.go:152.32,154.3 1 0
AltaStore/api/v1/shopping/controller.go:157.16,159.3 1 0
AltaStore/modules/user/repository.go:33.41,50.2 1 0
AltaStore/modules/user/repository.go:52.37,69.2 14 0
AltaStore/modules/user/repository.go:72.47,74.2 1 0
AltaStore/modules/user/repository.go:77.58,82.16 3 0
AltaStore/modules/user/repository.go:86.2,86.12 1 0
AltaStore/modules/user/repository.go:82.16,84.3 1 0
AltaStore/modules/user/repository.go:90.103,95.16 3 0
AltaStore/modules/user/repository.go:100.2,101.16 2 0
AltaStore/modules/user/repository.go:105.2,107.19 2 0
AltaStore/modules/user/repository.go:95.16,97.3 1 0
AltaStore/modules/user/repository.go:101.16,103.3 1 0
AltaStore/modules/user/repository.go:110.75,115.16 3 0
AltaStore/modules/user/repository.go:119.2,121.19 2 0
AltaStore/modules/user/repository.go:115.16,117.3 1 0
AltaStore/modules/user/repository.go:125.69,130.16 3 0
AltaStore/modules/user/repository.go:134.2,136.19 2 0
AltaStore/modules/user/repository.go:130.16,132.3 1 0
AltaStore/modules/user/repository.go:140.66,146.16 3 0
AltaStore/modules/user/repository.go:150.2,150.12 1 0
AltaStore/modules/user/repository.go:146.16,148.3 1 0
AltaStore/modules/user/repository.go:154.58,166.16 3 0
AltaStore/modules/user/repository.go:170.2,170.12 1 0
AltaStore/modules/user/repository.go:166.16,168.3 1 0
AltaStore/modules/user/repository.go:174.58,181.16 3 0
AltaStore/modules/user/repository.go:185.2,185.12 1 0
AltaStore/modules/user/repository.go:181.16,183.3 1 0
AltaStore/config/config.go:26.29,52.16 20 0
AltaStore/config/config.go:57.2,59.16 3 0
AltaStore/config/config.go:64.2,64.21 1 0
AltaStore/config/config.go:52.16,55.3 2 0
AltaStore/config/config.go:59.16,62.3 2 0
AltaStore/business/user/user.go:32.28,43.2 1 0
AltaStore/business/user/user.go:52.23,67.2 1 0
AltaStore/business/user/user.go:94.28,109.2 1 0
AltaStore/business/user/user.go:113.23,130.2 1 0
AltaStore/business/checkoutpayment/service.go:27.74,29.2 1 0
AltaStore/business/checkoutpayment/service.go:31.115,39.16 5 0
AltaStore/business/checkoutpayment/service.go:44.2,62.24 3 0
AltaStore/business/checkoutpayment/service.go:65.2,65.22 1 0
AltaStore/business/checkoutpayment/service.go:39.16,42.3 2 0
AltaStore/business/checkoutpayment/service.go:62.24,64.3 1 0
AltaStore/business/checkoutpayment/service.go:68.97,70.28 2 0
AltaStore/business/checkoutpayment/service.go:74.2,86.15 3 0
AltaStore/business/checkoutpayment/service.go:70.28,72.3 1 0
AltaStore/business/checkoutpayment/service.go:89.79,91.2 1 0
AltaStore/api/v1/checkout/request/insertCheckout.go:12.75,19.2 4 0
AltaStore/api/v1/checkout/controller.go:20.58,22.2 1 0
AltaStore/api/v1/checkout/controller.go:24.70,29.50 3 0
AltaStore/api/v1/checkout/controller.go:33.2,34.16 2 0
AltaStore/api/v1/checkout/controller.go:37.2,37.46 1 0
AltaStore/api/v1/checkout/controller.go:41.2,42.16 2 0
AltaStore/api/v1/checkout/controller.go:46.2,46.55 1 0
AltaStore/api/v1/checkout/controller.go:29.50,31.3 1 0
AltaStore/api/v1/checkout/controller.go:34.16,36.3 1 0
AltaStore/api/v1/checkout/controller.go:37.46,39.3 1 0
AltaStore/api/v1/checkout/controller.go:42.16,44.3 1 0
AltaStore/api/v1/checkout/controller.go:49.61,51.16 2 0
AltaStore/api/v1/checkout/controller.go:55.2,55.85 1 0
AltaStore/api/v1/checkout/controller.go:51.16,53.3 1 0
AltaStore/api/v1/checkout/controller.go:58.62,61.42 2 0
AltaStore/api/v1/checkout/controller.go:65.2,66.16 2 0
AltaStore/api/v1/checkout/controller.go:70.2,70.98 1 0
AltaStore/api/v1/checkout/controller.go:61.42,63.3 1 0
AltaStore/api/v1/checkout/controller.go:66.16,68.3 1 0
AltaStore/api/routes.go:19.3,20.68 1 0
AltaStore/api/routes.go:25.2,28.53 2 0
AltaStore/api/routes.go:49.2,72.70 18 0
AltaStore/api/routes.go:20.68,21.29 1 0
AltaStore/api/routes.go:28.53,37.40 5 0
AltaStore/api/routes.go:42.3,44.38 2 0
AltaStore/api/routes.go:37.40,40.4 2 0
AltaStore/business/checkout/mocks/RepoShoppingDetail.go:17.125,21.97 3 1
AltaStore/business/checkout/mocks/RepoShoppingDetail.go:29.2,30.51 2 1
AltaStore/business/checkout/mocks/RepoShoppingDetail.go:36.2,36.15 1 1
AltaStore/business/checkout/mocks/RepoShoppingDetail.go:21.97,23.3 1 0
AltaStore/business/checkout/mocks/RepoShoppingDetail.go:23.8,24.24 1 1
AltaStore/business/checkout/mocks/RepoShoppingDetail.go:24.24,26.4 1 1
AltaStore/business/checkout/mocks/RepoShoppingDetail.go:30.51,32.3 1 0
AltaStore/business/checkout/mocks/RepoShoppingDetail.go:32.8,34.3 1 1
AltaStore/api/middleware/jwt.go:13.13,24.2 2 1
AltaStore/api/middleware/jwt.go:26.42,31.2 1 0
AltaStore/api/middleware/jwt.go:33.57,35.16 2 0
AltaStore/api/middleware/jwt.go:43.2,43.38 1 0
AltaStore/api/middleware/jwt.go:35.16,38.19 3 0
AltaStore/api/middleware/jwt.go:41.3,41.21 1 0
AltaStore/api/middleware/jwt.go:38.19,40.4 1 0
AltaStore/api/middleware/jwt.go:46.55,48.16 2 0
AltaStore/api/middleware/jwt.go:53.2,53.41 1 0
AltaStore/api/middleware/jwt.go:48.16,52.3 3 0
AltaStore/api/common/error_business_response.go:21.68,23.2 1 0
AltaStore/api/common/error_business_response.go:25.56,26.13 1 0
AltaStore/api/common/error_business_response.go:27.10,28.42 1 0
AltaStore/api/common/error_business_response.go:30.28,31.31 1 0
AltaStore/api/common/error_business_response.go:33.35,34.38 1 0
AltaStore/api/common/error_business_response.go:36.37,37.32 1 0
AltaStore/api/common/error_business_response.go:39.36,40.34 1 0
AltaStore/api/common/error_business_response.go:42.31,43.29 1 0
AltaStore/api/common/error_business_response.go:45.30,46.28 1 0
AltaStore/api/common/error_business_response.go:48.32,49.30 1 0
AltaStore/api/common/error_business_response.go:51.31,52.29 1 0
AltaStore/api/common/error_business_response.go:56.65,59.2 1 0
AltaStore/api/common/error_business_response.go:61.54,64.2 1 0
AltaStore/api/common/error_business_response.go:66.61,69.2 1 0
AltaStore/api/common/error_business_response.go:71.55,74.2 1 0
AltaStore/api/common/error_business_response.go:76.57,79.2 1 0
AltaStore/api/common/error_business_response.go:81.52,84.2 1 0
AltaStore/api/common/error_business_response.go:86.51,89.2 1 0
AltaStore/api/common/error_business_response.go:91.53,94.2 1 0
AltaStore/api/common/error_business_response.go:96.52,99.2 1 0
AltaStore/business/shopping/service.go:22.85,24.2 1 0
AltaStore/business/shopping/service.go:26.78,28.2 1 0
AltaStore/business/shopping/service.go:30.70,32.2 1 0
AltaStore/business/shopping/service.go:34.78,36.2 1 0
AltaStore/business/shopping/service.go:38.96,40.16 2 0
AltaStore/business/shopping/service.go:44.2,45.16 2 0
AltaStore/business/shopping/service.go:49.2,49.36 1 0
AltaStore/business/shopping/service.go:53.2,54.16 2 0
AltaStore/business/shopping/service.go:58.2,60.57 2 0
AltaStore/business/shopping/service.go:40.16,42.3 1 0
AltaStore/business/shopping/service.go:45.16,47.3 1 0
AltaStore/business/shopping/service.go:49.36,51.3 1 0
AltaStore/business/shopping/service.go:54.16,56.3 1 0
AltaStore/business/shopping/service.go:63.101,65.16 2 0
AltaStore/business/shopping/service.go:68.2,69.16 2 0
AltaStore/business/shopping/service.go:73.2,73.31 1 0
AltaStore/business/shopping/service.go:77.2,77.75 1 0
AltaStore/business/shopping/service.go:65.16,67.3 1 0
AltaStore/business/shopping/service.go:69.16,71.3 1 0
AltaStore/business/shopping/service.go:73.31,75.3 1 0
AltaStore/business/shopping/service.go:81.104,83.16 2 0
AltaStore/business/shopping/service.go:87.2,88.16 2 0
AltaStore/business/shopping/service.go:92.2,92.31 1 0
AltaStore/business/shopping/service.go:96.2,96.78 1 0
AltaStore/business/shopping/service.go:83.16,85.3 1 0
AltaStore/business/shopping/service.go:88.16,90.3 1 0
AltaStore/business/shopping/service.go:92.31,94.3 1 0
AltaStore/business/shopping/service.go:99.94,102.16 2 0
AltaStore/business/shopping/service.go:106.2,106.31 1 0
AltaStore/business/shopping/service.go:110.2,110.65 1 0
AltaStore/business/shopping/service.go:102.16,104.3 1 0
AltaStore/business/shopping/service.go:106.31,108.3 1 0
AltaStore/modules/logger/repository.go:15.52,17.2 1 0
AltaStore/modules/logger/repository.go:19.71,24.2 2 0
AltaStore/modules/shopping/repository.go:26.58,34.2 1 0
AltaStore/modules/shopping/repository.go:36.87,42.2 5 0
AltaStore/modules/shopping/repository.go:44.45,46.2 1 0
AltaStore/modules/shopping/repository.go:48.90,52.16 3 0
AltaStore/modules/shopping/repository.go:56.2,56.36 1 0
AltaStore/modules/shopping/repository.go:52.16,54.3 1 0
AltaStore/modules/shopping/repository.go:59.82,63.16 3 0
AltaStore/modules/shopping/repository.go:67.2,67.36 1 0
AltaStore/modules/shopping/repository.go:63.16,65.3 1 0
AltaStore/modules/shopping/repository.go:70.81,75.16 3 0
AltaStore/modules/shopping/repository.go:79.2,79.66 1 0
AltaStore/modules/shopping/repository.go:75.16,77.3 1 0
AltaStore/modules/shopping/repository.go:82.114,88.45 3 0
AltaStore/modules/shopping/repository.go:92.2,94.53 2 0
AltaStore/modules/shopping/repository.go:98.2,98.36 1 0
AltaStore/modules/shopping/repository.go:88.45,90.3 1 0
AltaStore/modules/shopping/repository.go:94.53,96.3 1 0
AltaStore/modules/migration/migration.go:13.34,19.2 1 0
AltaStore/main.go:43.60,50.16 3 0
AltaStore/main.go:54.2,56.11 2 0
AltaStore/main.go:50.16,51.13 1 0
AltaStore/main.go:59.66,65.16 3 0
AltaStore/main.go:69.2,70.16 2 0
AltaStore/main.go:74.2,74.41 1 0
AltaStore/main.go:65.16,66.13 1 0
AltaStore/main.go:70.16,71.13 1 0
AltaStore/main.go:77.13,139.27 23 0
AltaStore/main.go:144.2,148.16 4 0
AltaStore/main.go:139.27,142.3 2 0
AltaStore/main.go:148.16,150.3 1 0
AltaStore/business/checkoutpayment/mocks/Repository.go:17.67,21.50 3 0
AltaStore/business/checkoutpayment/mocks/Repository.go:27.2,28.51 2 0
AltaStore/business/checkoutpayment/mocks/Repository.go:34.2,34.15 1 0
AltaStore/business/checkoutpayment/mocks/Repository.go:21.50,23.3 1 0
AltaStore/business/checkoutpayment/mocks/Repository.go:23.8,25.3 1 0
AltaStore/business/checkoutpayment/mocks/Repository.go:28.51,30.3 1 0
AltaStore/business/checkoutpayment/mocks/Repository.go:30.8,32.3 1 0
AltaStore/business/checkoutpayment/mocks/Repository.go:38.99,42.78 3 0
AltaStore/business/checkoutpayment/mocks/Repository.go:50.2,51.51 2 0
AltaStore/business/checkoutpayment/mocks/Repository.go:57.2,57.15 1 0
AltaStore/business/checkoutpayment/mocks/Repository.go:42.78,44.3 1 0
AltaStore/business/checkoutpayment/mocks/Repository.go:44.8,45.24 1 0
AltaStore/business/checkoutpayment/mocks/Repository.go:45.24,47.4 1 0
AltaStore/business/checkoutpayment/mocks/Repository.go:51.51,53.3 1 0
AltaStore/business/checkoutpayment/mocks/Repository.go:53.8,55.3 1 0
AltaStore/business/checkoutpayment/mocks/Repository.go:61.121,65.104 3 0
AltaStore/business/checkoutpayment/mocks/Repository.go:73.2,74.77 2 0
AltaStore/business/checkoutpayment/mocks/Repository.go:80.2,80.15 1 0
AltaStore/business/checkoutpayment/mocks/Repository.go:65.104,67.3 1 0
AltaStore/business/checkoutpayment/mocks/Repository.go:67.8,68.24 1 0
AltaStore/business/checkoutpayment/mocks/Repository.go:68.24,70.4 1 0
AltaStore/business/checkoutpayment/mocks/Repository.go:74.77,76.3 1 0
AltaStore/business/checkoutpayment/mocks/Repository.go:76.8,78.3 1 0
AltaStore/business/checkoutpayment/mocks/Service.go:19.116,23.75 3 0
AltaStore/business/checkoutpayment/mocks/Service.go:31.2,32.66 2 0
AltaStore/business/checkoutpayment/mocks/Service.go:38.2,38.15 1 0
AltaStore/business/checkoutpayment/mocks/Service.go:23.75,25.3 1 0
AltaStore/business/checkoutpayment/mocks/Service.go:25.8,26.24 1 0
AltaStore/business/checkoutpayment/mocks/Service.go:26.24,28.4 1 0
AltaStore/business/checkoutpayment/mocks/Service.go:32.66,34.3 1 0
AltaStore/business/checkoutpayment/mocks/Service.go:34.8,36.3 1 0
AltaStore/business/checkoutpayment/mocks/Service.go:42.96,46.78 3 0
AltaStore/business/checkoutpayment/mocks/Service.go:54.2,55.51 2 0
AltaStore/business/checkoutpayment/mocks/Service.go:61.2,61.15 1 0
AltaStore/business/checkoutpayment/mocks/Service.go:46.78,48.3 1 0
AltaStore/business/checkoutpayment/mocks/Service.go:48.8,49.24 1 0
AltaStore/business/checkoutpayment/mocks/Service.go:49.24,51.4 1 0
AltaStore/business/checkoutpayment/mocks/Service.go:55.51,57.3 1 0
AltaStore/business/checkoutpayment/mocks/Service.go:57.8,59.3 1 0
AltaStore/business/checkoutpayment/mocks/Service.go:65.136,69.114 3 1
AltaStore/business/checkoutpayment/mocks/Service.go:77.2,78.86 2 1
AltaStore/business/checkoutpayment/mocks/Service.go:84.2,84.15 1 1
AltaStore/business/checkoutpayment/mocks/Service.go:69.114,71.3 1 0
AltaStore/business/checkoutpayment/mocks/Service.go:71.8,72.24 1 1
AltaStore/business/checkoutpayment/mocks/Service.go:72.24,74.4 1 0
AltaStore/business/checkoutpayment/mocks/Service.go:78.86,80.3 1 0
AltaStore/business/checkoutpayment/mocks/Service.go:80.8,82.3 1 1
AltaStore/util/validator/validator.go:13.41,17.21 3 1
AltaStore/util/validator/validator.go:21.2,21.17 1 1
AltaStore/util/validator/validator.go:17.21,19.3 1 1
AltaStore/api/v1/shopping/response/shopping.go:29.58,37.2 1 0
AltaStore/api/v1/shopping/response/shopping.go:39.76,46.36 5 0
AltaStore/api/v1/shopping/response/shopping.go:50.2,50.26 1 0
AltaStore/api/v1/shopping/response/shopping.go:54.2,54.15 1 0
AltaStore/api/v1/shopping/response/shopping.go:46.36,48.3 1 0
AltaStore/api/v1/shopping/response/shopping.go:50.26,52.3 1 0
AltaStore/business/shopping/mocks/Service.go:17.95,21.67 3 0
AltaStore/business/shopping/mocks/Service.go:27.2,27.11 1 0
AltaStore/business/shopping/mocks/Service.go:21.67,23.3 1 0
AltaStore/business/shopping/mocks/Service.go:23.8,25.3 1 0
AltaStore/business/shopping/mocks/Service.go:31.102,35.78 3 0
AltaStore/business/shopping/mocks/Service.go:43.2,44.59 2 0
AltaStore/business/shopping/mocks/Service.go:50.2,50.15 1 0
AltaStore/business/shopping/mocks/Service.go:35.78,37.3 1 0
AltaStore/business/shopping/mocks/Service.go:37.8,38.24 1 0
AltaStore/business/shopping/mocks/Service.go:38.24,40.4 1 0
AltaStore/business/shopping/mocks/Service.go:44.59,46.3 1 0
AltaStore/business/shopping/mocks/Service.go:46.8,48.3 1 0
AltaStore/business/shopping/mocks/Service.go:54.88,58.65 3 0
AltaStore/business/shopping/mocks/Service.go:66.2,67.51 2 0
AltaStore/business/shopping/mocks/Service.go:73.2,73.15 1 0
AltaStore/business/shopping/mocks/Service.go:58.65,60.3 1 0
AltaStore/business/shopping/mocks/Service.go:60.8,61.24 1 0
AltaStore/business/shopping/mocks/Service.go:61.24,63.4 1 0
AltaStore/business/shopping/mocks/Service.go:67.51,69.3 1 0
AltaStore/business/shopping/mocks/Service.go:69.8,71.3 1 0
AltaStore/business/shopping/mocks/Service.go:77.114,81.91 3 0
AltaStore/business/shopping/mocks/Service.go:87.2,87.11 1 0
AltaStore/business/shopping/mocks/Service.go:81.91,83.3 1 0
AltaStore/business/shopping/mocks/Service.go:83.8,85.3 1 0
AltaStore/business/shopping/mocks/Service.go:91.111,95.91 3 0
AltaStore/business/shopping/mocks/Service.go:101.2,101.11 1 0
AltaStore/business/shopping/mocks/Service.go:95.91,97.3 1 0
AltaStore/business/shopping/mocks/Service.go:97.8,99.3 1 0
AltaStore/business/shopping/mocks/Service.go:105.80,109.65 3 0
AltaStore/business/shopping/mocks/Service.go:117.2,118.51 2 0
AltaStore/business/shopping/mocks/Service.go:124.2,124.15 1 0
AltaStore/business/shopping/mocks/Service.go:109.65,111.3 1 0
AltaStore/business/shopping/mocks/Service.go:111.8,112.24 1 0
AltaStore/business/shopping/mocks/Service.go:112.24,114.4 1 0
AltaStore/business/shopping/mocks/Service.go:118.51,120.3 1 0
AltaStore/business/shopping/mocks/Service.go:120.8,122.3 1 0
AltaStore/business/shopping/mocks/Service.go:128.79,132.57 3 1
AltaStore/business/shopping/mocks/Service.go:138.2,138.11 1 1
AltaStore/business/shopping/mocks/Service.go:132.57,134.3 1 0
AltaStore/business/shopping/mocks/Service.go:134.8,136.3 1 1
AltaStore/business/checkoutpayment/checkoutpayment.go:52.19,63.2 1 0
AltaStore/business/checkoutpayment/checkoutpayment.go:64.66,74.2 1 0
AltaStore/business/shopping/shopping.go:34.85,42.31 6 0
AltaStore/business/shopping/shopping.go:47.2,47.35 1 0
AltaStore/business/shopping/shopping.go:51.2,51.24 1 0
AltaStore/business/shopping/shopping.go:42.31,45.3 2 0
AltaStore/business/shopping/shopping.go:47.35,49.3 1 0
AltaStore/business/shopping/shopping.go:54.88,63.2 1 0
AltaStore/business/shopping/shopping.go:65.88,72.2 1 0
AltaStore/business/shopping/shopping.go:74.79,83.2 1 0
AltaStore/business/shopping/shopping.go:85.98,88.30 2 0
AltaStore/business/shopping/shopping.go:92.2,92.20 1 0
AltaStore/business/shopping/shopping.go:96.2,96.17 1 0
AltaStore/business/shopping/shopping.go:88.30,90.3 1 0
AltaStore/business/shopping/shopping.go:92.20,94.3 1 0
AltaStore/modules/checkout/repository.go:50.56,59.2 1 0
AltaStore/modules/checkout/repository.go:61.45,63.2 1 0
AltaStore/modules/checkout/repository.go:65.81,69.2 2 0
AltaStore/modules/checkout/repository.go:71.69,86.16 3 0
AltaStore/modules/checkout/repository.go:90.2,90.27 1 0
AltaStore/modules/checkout/repository.go:86.16,88.3 1 0
AltaStore/modules/checkout/repository.go:93.77,108.16 3 0
AltaStore/modules/checkout/repository.go:112.2,114.20 2 0
AltaStore/modules/checkout/repository.go:108.16,110.3 1 0
AltaStore/modules/checkout/repository.go:117.79,121.16 3 0
AltaStore/modules/checkout/repository.go:128.2,128.18 1 0
AltaStore/modules/checkout/repository.go:121.16,122.45 1 0
AltaStore/modules/checkout/repository.go:125.3,125.20 1 0
AltaStore/modules/checkout/repository.go:122.45,124.4 1 0
AltaStore/modules/checkoutpayment/repository.go:26.72,41.2 1 0
AltaStore/modules/checkoutpayment/repository.go:43.70,58.2 1 0
AltaStore/modules/checkoutpayment/repository.go:64.45,66.2 1 0
AltaStore/modules/checkoutpayment/repository.go:67.114,69.26 2 0
AltaStore/modules/checkoutpayment/repository.go:76.2,77.48 2 0
AltaStore/modules/checkoutpayment/repository.go:81.2,81.30 1 0
AltaStore/modules/checkoutpayment/repository.go:69.26,72.17 2 0
AltaStore/modules/checkoutpayment/repository.go:72.17,74.4 1 0
AltaStore/modules/checkoutpayment/repository.go:77.48,79.3 1 0
AltaStore/modules/checkoutpayment/repository.go:84.98,87.16 3 0
AltaStore/modules/checkoutpayment/repository.go:91.2,91.30 1 0
AltaStore/modules/checkoutpayment/repository.go:87.16,89.3 1 0
AltaStore/modules/checkoutpayment/repository.go:94.66,97.16 3 0
AltaStore/modules/checkoutpayment/repository.go:101.2,101.18 1 0
AltaStore/modules/checkoutpayment/repository.go:97.16,99.3 1 0
AltaStore/business/user/mocks/Service.go:17.64,21.59 3 0
[...]
AltaStore/business/user/user.go:52.23,67.2 1 1
AltaStore/business/user/user.go:94.28,109.2 1 1
AltaStore/business/user/user.go:113.23,130.2 1 1
AltaStore/business/checkout/service.go:24.11,31.2 1 0
AltaStore/business/checkout/service.go:33.102,35.16 2 0
AltaStore/business/checkout/service.go:39.2,42.16 3 0
AltaStore/business/checkout/service.go:46.2,46.12 1 0
AltaStore/business/checkout/service.go:50.2,51.16 2 0
AltaStore/business/checkout/service.go:55.2,56.16 2 0
AltaStore/business/checkout/service.go:60.2,61.16 2 0
AltaStore/business/checkout/service.go:65.2,66.28 2 0
AltaStore/business/checkout/service.go:70.2,77.16 3 0
AltaStore/business/checkout/service.go:80.2,83.7 1 0
AltaStore/business/checkout/service.go:35.16,37.3 1 0
AltaStore/business/checkout/service.go:42.16,44.3 1 0
AltaStore/business/checkout/service.go:46.12,48.3 1 0
AltaStore/business/checkout/service.go:51.16,53.3 1 0
AltaStore/business/checkout/service.go:56.16,58.3 1 0
AltaStore/business/checkout/service.go:61.16,63.3 1 0
AltaStore/business/checkout/service.go:66.28,68.3 1 0
AltaStore/business/checkout/service.go:77.16,79.3 1 0
AltaStore/business/checkout/service.go:86.57,88.2 1 0
AltaStore/business/checkout/service.go:90.73,93.16 2 0
AltaStore/business/checkout/service.go:97.2,98.16 2 0
AltaStore/business/checkout/service.go:101.2,103.55 2 0
AltaStore/business/checkout/service.go:93.16,95.3 1 0
AltaStore/business/checkout/service.go:98.16,100.3 1 0
AltaStore/api/v1/checkout/response/sumcheckout.go:17.70,26.2 1 0
AltaStore/api/v1/checkout/response/sumcheckout.go:28.69,31.32 2 0
AltaStore/api/v1/checkout/response/sumcheckout.go:35.2,35.21 1 0
AltaStore/api/v1/checkout/response/sumcheckout.go:39.2,39.18 1 0
AltaStore/api/v1/checkout/response/sumcheckout.go:31.32,33.3 1 0
AltaStore/api/v1/checkout/response/sumcheckout.go:35.21,37.3 1 0
AltaStore/api/v1/checkout/response/sumcheckout.go:60.58,68.2 1 0
AltaStore/api/v1/checkout/response/sumcheckout.go:70.86,80.40 8 0
AltaStore/api/v1/checkout/response/sumcheckout.go:84.2,84.26 1 0
AltaStore/api/v1/checkout/response/sumcheckout.go:88.2,88.15 1 0
AltaStore/api/v1/checkout/response/sumcheckout.go:80.40,82.3 1 0
AltaStore/api/v1/checkout/response/sumcheckout.go:84.26,86.3 1 0
AltaStore/api/v1/checkoutpayment/controller.go:17.65,19.2 1 0
AltaStore/api/v1/checkoutpayment/controller.go:38.72,45.47 6 0
AltaStore/api/v1/checkoutpayment/controller.go:48.2,56.16 9 0
AltaStore/api/v1/checkoutpayment/controller.go:59.2,61.3 1 0
AltaStore/api/v1/checkoutpayment/controller.go:45.47,47.3 1 0
AltaStore/api/v1/checkoutpayment/controller.go:56.16,58.3 1 0
AltaStore/api/v1/checkoutpayment/controller.go:63.64,67.42 3 0
AltaStore/api/v1/checkoutpayment/controller.go:70.2,71.16 2 0
AltaStore/api/v1/checkoutpayment/controller.go:74.2,75.28 2 0
AltaStore/api/v1/checkoutpayment/controller.go:78.2,78.47 1 0
AltaStore/api/v1/checkoutpayment/controller.go:81.2,82.16 2 0
AltaStore/api/v1/checkoutpayment/controller.go:85.2,87.3 1 0
AltaStore/api/v1/checkoutpayment/controller.go:67.42,69.3 1 0
AltaStore/api/v1/checkoutpayment/controller.go:71.16,73.3 1 0
AltaStore/api/v1/checkoutpayment/controller.go:75.28,77.3 1 0
AltaStore/api/v1/checkoutpayment/controller.go:78.47,80.3 1 0
AltaStore/api/v1/checkoutpayment/controller.go:82.16,84.3 1 0
AltaStore/business/checkout/mocks/Repository.go:17.70,21.60 3 0
AltaStore/business/checkout/mocks/Repository.go:29.2,30.45 2 0
AltaStore/business/checkout/mocks/Repository.go:36.2,36.15 1 0
AltaStore/business/checkout/mocks/Repository.go:21.60,23.3 1 0
AltaStore/business/checkout/mocks/Repository.go:23.8,24.24 1 0
AltaStore/business/checkout/mocks/Repository.go:24.24,26.4 1 0
AltaStore/business/checkout/mocks/Repository.go:30.45,32.3 1 0
AltaStore/business/checkout/mocks/Repository.go:32.8,34.3 1 0
AltaStore/business/checkout/mocks/Repository.go:40.78,44.64 3 0
AltaStore/business/checkout/mocks/Repository.go:52.2,53.51 2 0
AltaStore/business/checkout/mocks/Repository.go:59.2,59.15 1 0
AltaStore/business/checkout/mocks/Repository.go:44.64,46.3 1 0
AltaStore/business/checkout/mocks/Repository.go:46.8,47.24 1 0
AltaStore/business/checkout/mocks/Repository.go:47.24,49.4 1 0
AltaStore/business/checkout/mocks/Repository.go:53.51,55.3 1 0
AltaStore/business/checkout/mocks/Repository.go:55.8,57.3 1 0
AltaStore/business/checkout/mocks/Repository.go:63.80,67.50 3 0
AltaStore/business/checkout/mocks/Repository.go:73.2,74.51 2 0
AltaStore/business/checkout/mocks/Repository.go:80.2,80.15 1 0
AltaStore/business/checkout/mocks/Repository.go:67.50,69.3 1 0
AltaStore/business/checkout/mocks/Repository.go:69.8,71.3 1 0
AltaStore/business/checkout/mocks/Repository.go:74.51,76.3 1 0
AltaStore/business/checkout/mocks/Repository.go:76.8,78.3 1 0
AltaStore/business/checkout/mocks/Repository.go:84.77,88.63 3 0
AltaStore/business/checkout/mocks/Repository.go:94.2,94.11 1 0
AltaStore/business/checkout/mocks/Repository.go:88.63,90.3 1 0
AltaStore/business/checkout/mocks/Repository.go:90.8,92.3 1 0
AltaStore/api/middleware/jwt.go:13.13,24.2 2 1
AltaStore/api/middleware/jwt.go:26.42,31.2 1 0
AltaStore/api/middleware/jwt.go:33.57,35.16 2 0
AltaStore/api/middleware/jwt.go:43.2,43.38 1 0
AltaStore/api/middleware/jwt.go:35.16,38.19 3 0
AltaStore/api/middleware/jwt.go:41.3,41.21 1 0
AltaStore/api/middleware/jwt.go:38.19,40.4 1 0
AltaStore/api/middleware/jwt.go:46.55,48.16 2 0
AltaStore/api/middleware/jwt.go:53.2,53.41 1 0
AltaStore/api/middleware/jwt.go:48.16,52.3 3 0
AltaStore/api/v1/shopping/response/shopping.go:29.58,37.2 1 0
AltaStore/api/v1/shopping/response/shopping.go:39.76,46.36 5 0
AltaStore/api/v1/shopping/response/shopping.go:50.2,50.26 1 0
AltaStore/api/v1/shopping/response/shopping.go:54.2,54.15 1 0
AltaStore/api/v1/shopping/response/shopping.go:46.36,48.3 1 0
AltaStore/api/v1/shopping/response/shopping.go:50.26,52.3 1 0
AltaStore/business/shopping/mocks/Service.go:17.95,21.67 3 0
AltaStore/business/shopping/mocks/Service.go:27.2,27.11 1 0
AltaStore/business/shopping/mocks/Service.go:21.67,23.3 1 0
AltaStore/business/shopping/mocks/Service.go:23.8,25.3 1 0
AltaStore/business/shopping/mocks/Service.go:31.102,35.78 3 0
AltaStore/business/shopping/mocks/Service.go:43.2,44.59 2 0
AltaStore/business/shopping/mocks/Service.go:50.2,50.15 1 0
AltaStore/business/shopping/mocks/Service.go:35.78,37.3 1 0
AltaStore/business/shopping/mocks/Service.go:37.8,38.24 1 0
AltaStore/business/shopping/mocks/Service.go:38.24,40.4 1 0
AltaStore/business/shopping/mocks/Service.go:44.59,46.3 1 0
AltaStore/business/shopping/mocks/Service.go:46.8,48.3 1 0
AltaStore/business/shopping/mocks/Service.go:54.88,58.65 3 0
AltaStore/business/shopping/mocks/Service.go:66.2,67.51 2 0
AltaStore/business/shopping/mocks/Service.go:73.2,73.15 1 0
AltaStore/business/shopping/mocks/Service.go:58.65,60.3 1 0
AltaStore/business/shopping/mocks/Service.go:60.8,61.24 1 0
AltaStore/business/shopping/mocks/Service.go:61.24,63.4 1 0
AltaStore/business/shopping/mocks/Service.go:67.51,69.3 1 0
AltaStore/business/shopping/mocks/Service.go:69.8,71.3 1 0
AltaStore/business/shopping/mocks/Service.go:77.114,81.91 3 0
AltaStore/business/shopping/mocks/Service.go:87.2,87.11 1 0
AltaStore/business/shopping/mocks/Service.go:81.91,83.3 1 0
AltaStore/business/shopping/mocks/Service.go:83.8,85.3 1 0
AltaStore/business/shopping/mocks/Service.go:91.111,95.91 3 0
AltaStore/business/shopping/mocks/Service.go:101.2,101.11 1 0
AltaStore/business/shopping/mocks/Service.go:95.91,97.3 1 0
AltaStore/business/shopping/mocks/Service.go:97.8,99.3 1 0
AltaStore/business/shopping/mocks/Service.go:105.80,109.65 3 0
AltaStore/business/shopping/mocks/Service.go:117.2,118.51 2 0
AltaStore/business/shopping/mocks/Service.go:124.2,124.15 1 0
AltaStore/business/shopping/mocks/Service.go:109.65,111.3 1 0
AltaStore/business/shopping/mocks/Service.go:111.8,112.24 1 0
AltaStore/business/shopping/mocks/Service.go:112.24,114.4 1 0
AltaStore/business/shopping/mocks/Service.go:118.51,120.3 1 0
AltaStore/business/shopping/mocks/Service.go:120.8,122.3 1 0
AltaStore/business/shopping/mocks/Service.go:128.79,132.57 3 0
AltaStore/business/shopping/mocks/Service.go:138.2,138.11 1 0
AltaStore/business/shopping/mocks/Service.go:132.57,134.3 1 0
AltaStore/business/shopping/mocks/Service.go:134.8,136.3 1 0
AltaStore/business/user/service.go:39.48,43.2 1 1
AltaStore/business/user/service.go:46.67,48.16 2 1
AltaStore/business/user/service.go:52.2,53.21 2 1
AltaStore/business/user/service.go:57.2,58.16 2 1
AltaStore/business/user/service.go:61.2,73.16 4 1
AltaStore/business/user/service.go:77.2,77.12 1 1
AltaStore/business/user/service.go:48.16,50.3 1 0
AltaStore/business/user/service.go:53.21,55.3 1 1
AltaStore/business/user/service.go:58.16,60.3 1 0
AltaStore/business/user/service.go:73.16,75.3 1 1
AltaStore/business/user/service.go:81.92,83.2 1 1
AltaStore/business/user/service.go:86.64,88.2 1 1
AltaStore/business/user/service.go:91.58,93.2 1 1
AltaStore/business/user/service.go:96.105,99.16 2 1
AltaStore/business/user/service.go:111.2,112.16 2 1
AltaStore/business/user/service.go:115.2,121.54 2 1
AltaStore/business/user/service.go:99.16,101.3 1 1
AltaStore/business/user/service.go:101.8,101.24 1 1
AltaStore/business/user/service.go:101.24,103.3 1 0
AltaStore/business/user/service.go:103.8,103.33 1 1
AltaStore/business/user/service.go:103.33,105.3 1 0
AltaStore/business/user/service.go:105.8,107.17 2 1
AltaStore/business/user/service.go:107.17,109.4 1 1
AltaStore/business/user/service.go:112.16,114.3 1 0
AltaStore/business/user/service.go:125.95,127.16 2 1
AltaStore/business/user/service.go:135.2,144.46 2 1
AltaStore/business/user/service.go:127.16,129.3 1 1
AltaStore/business/user/service.go:129.8,129.24 1 1
AltaStore/business/user/service.go:129.24,131.3 1 0
AltaStore/business/user/service.go:131.8,131.33 1 1
AltaStore/business/user/service.go:131.33,133.3 1 0
AltaStore/business/user/service.go:148.64,150.16 2 1
AltaStore/business/user/service.go:156.2,161.44 2 1
AltaStore/business/user/service.go:150.16,152.3 1 1
AltaStore/business/user/service.go:152.8,152.24 1 1
AltaStore/business/user/service.go:152.24,154.3 1 0
AltaStore/modules/shoppingdetail/repository.go:15.45,17.2 1 0
AltaStore/modules/shoppingdetail/repository.go:52.86,62.2 1 0
AltaStore/modules/shoppingdetail/repository.go:64.71,70.2 1 0
AltaStore/modules/shoppingdetail/repository.go:72.101,78.16 3 0
AltaStore/modules/shoppingdetail/repository.go:82.2,82.29 1 0
AltaStore/modules/shoppingdetail/repository.go:78.16,80.3 1 0
AltaStore/modules/shoppingdetail/repository.go:85.89,92.45 3 0
AltaStore/modules/shoppingdetail/repository.go:99.2,99.58 1 0
AltaStore/modules/shoppingdetail/repository.go:92.45,93.17 1 0
AltaStore/modules/shoppingdetail/repository.go:96.3,96.32 1 0
AltaStore/modules/shoppingdetail/repository.go:93.17,95.4 1 0
AltaStore/modules/shoppingdetail/repository.go:103.92,109.16 3 0
AltaStore/modules/shoppingdetail/repository.go:113.2,113.69 1 0
AltaStore/modules/shoppingdetail/repository.go:109.16,111.3 1 0
AltaStore/modules/shoppingdetail/repository.go:116.82,122.16 3 0
AltaStore/modules/shoppingdetail/repository.go:126.2,126.70 1 0
AltaStore/modules/shoppingdetail/repository.go:122.16,124.3 1 0
AltaStore/api/v1/checkout/request/insertCheckout.go:12.75,19.2 4 0
AltaStore/api/v1/shopping/request/insert_detail.go:11.88,17.2 1 0
AltaStore/modules/user/repository.go:33.41,50.2 1 0
AltaStore/modules/user/repository.go:52.37,69.2 14 0
AltaStore/modules/user/repository.go:72.47,74.2 1 0
AltaStore/modules/user/repository.go:77.58,82.16 3 0
AltaStore/modules/user/repository.go:86.2,86.12 1 0
AltaStore/modules/user/repository.go:82.16,84.3 1 0
AltaStore/modules/user/repository.go:90.103,95.16 3 0
AltaStore/modules/user/repository.go:100.2,101.16 2 0
AltaStore/modules/user/repository.go:105.2,107.19 2 0
AltaStore/modules/user/repository.go:95.16,97.3 1 0
AltaStore/modules/user/repository.go:101.16,103.3 1 0
AltaStore/modules/user/repository.go:110.75,115.16 3 0
AltaStore/modules/user/repository.go:119.2,121.19 2 0
AltaStore/modules/user/repository.go:115.16,117.3 1 0
AltaStore/modules/user/repository.go:125.69,130.16 3 0
AltaStore/modules/user/repository.go:134.2,136.19 2 0
AltaStore/modules/user/repository.go:130.16,132.3 1 0
AltaStore/modules/user/repository.go:140.66,146.16 3 0
AltaStore/modules/user/repository.go:150.2,150.12 1 0
AltaStore/modules/user/repository.go:146.16,148.3 1 0
AltaStore/modules/user/repository.go:154.58,166.16 3 0
AltaStore/modules/user/repository.go:170.2,170.12 1 0
AltaStore/modules/user/repository.go:166.16,168.3 1 0
AltaStore/modules/user/repository.go:174.58,181.16 3 0
AltaStore/modules/user/repository.go:185.2,185.12 1 0
AltaStore/modules/user/repository.go:181.16,183.3 1 0
AltaStore/modules/checkout/repository.go:50.56,59.2 1 0
AltaStore/modules/checkout/repository.go:61.45,63.2 1 0
AltaStore/modules/checkout/repository.go:65.81,69.2 2 0
AltaStore/modules/checkout/repository.go:71.69,86.16 3 0
AltaStore/modules/checkout/repository.go:90.2,90.27 1 0
AltaStore/modules/checkout/repository.go:86.16,88.3 1 0
AltaStore/modules/checkout/repository.go:93.77,108.16 3 0
AltaStore/modules/checkout/repository.go:112.2,114.20 2 0
AltaStore/modules/checkout/repository.go:108.16,110.3 1 0
AltaStore/modules/checkout/repository.go:117.79,121.16 3 0
AltaStore/modules/checkout/repository.go:128.2,128.18 1 0
AltaStore/modules/checkout/repository.go:121.16,122.45 1 0
AltaStore/modules/checkout/repository.go:125.3,125.20 1 0
AltaStore/modules/checkout/repository.go:122.45,124.4 1 0
AltaStore/modules/shopping/repository.go:26.58,34.2 1 0
AltaStore/modules/shopping/repository.go:36.87,42.2 5 0
AltaStore/modules/shopping/repository.go:44.45,46.2 1 0
AltaStore/modules/shopping/repository.go:48.90,52.16 3 0
AltaStore/modules/shopping/repository.go:56.2,56.36 1 0
AltaStore/modules/shopping/repository.go:52.16,54.3 1 0
AltaStore/modules/shopping/repository.go:59.82,63.16 3 0
AltaStore/modules/shopping/repository.go:67.2,67.36 1 0
AltaStore/modules/shopping/repository.go:63.16,65.3 1 0
AltaStore/modules/shopping/repository.go:70.81,75.16 3 0
AltaStore/modules/shopping/repository.go:79.2,79.66 1 0
AltaStore/modules/shopping/repository.go:75.16,77.3 1 0
AltaStore/modules/shopping/repository.go:82.114,88.45 3 0
AltaStore/modules/shopping/repository.go:92.2,94.53 2 0
AltaStore/modules/shopping/repository.go:98.2,98.36 1 0
AltaStore/modules/shopping/repository.go:88.45,90.3 1 0
AltaStore/modules/shopping/repository.go:94.53,96.3 1 0
AltaStore/business/checkoutpayment/service.go:27.74,29.2 1 0
AltaStore/business/checkoutpayment/service.go:31.115,39.16 5 0
AltaStore/business/checkoutpayment/service.go:44.2,62.24 3 0
AltaStore/business/checkoutpayment/service.go:65.2,65.22 1 0
AltaStore/business/checkoutpayment/service.go:39.16,42.3 2 0
AltaStore/business/checkoutpayment/service.go:62.24,64.3 1 0
AltaStore/business/checkoutpayment/service.go:68.97,70.28 2 0
AltaStore/business/checkoutpayment/service.go:74.2,86.15 3 0
AltaStore/business/checkoutpayment/service.go:70.28,72.3 1 0
AltaStore/business/checkoutpayment/service.go:89.79,91.2 1 0
AltaStore/business/shopping/service.go:22.85,24.2 1 0
AltaStore/business/shopping/service.go:26.78,28.2 1 0
AltaStore/business/shopping/service.go:30.70,32.2 1 0
AltaStore/business/shopping/service.go:34.78,36.2 1 0
AltaStore/business/shopping/service.go:38.96,40.16 2 0
AltaStore/business/shopping/service.go:44.2,45.16 2 0
AltaStore/business/shopping/service.go:49.2,49.36 1 0
AltaStore/business/shopping/service.go:53.2,54.16 2 0
AltaStore/business/shopping/service.go:58.2,60.57 2 0
AltaStore/business/shopping/service.go:40.16,42.3 1 0
AltaStore/business/shopping/service.go:45.16,47.3 1 0
AltaStore/business/shopping/service.go:49.36,51.3 1 0
AltaStore/business/shopping/service.go:54.16,56.3 1 0
AltaStore/business/shopping/service.go:63.101,65.16 2 0
AltaStore/business/shopping/service.go:68.2,69.16 2 0
AltaStore/business/shopping/service.go:73.2,73.31 1 0
AltaStore/business/shopping/service.go:77.2,77.75 1 0
AltaStore/business/shopping/service.go:65.16,67.3 1 0
AltaStore/business/shopping/service.go:69.16,71.3 1 0
AltaStore/business/shopping/service.go:73.31,75.3 1 0
AltaStore/business/shopping/service.go:81.104,83.16 2 0
AltaStore/business/shopping/service.go:87.2,88.16 2 0
AltaStore/business/shopping/service.go:92.2,92.31 1 0
AltaStore/business/shopping/service.go:96.2,96.78 1 0
AltaStore/business/shopping/service.go:83.16,85.3 1 0
AltaStore/business/shopping/service.go:88.16,90.3 1 0
AltaStore/business/shopping/service.go:92.31,94.3 1 0
AltaStore/business/shopping/service.go:99.94,102.16 2 0
AltaStore/business/shopping/service.go:106.2,106.31 1 0
AltaStore/business/shopping/service.go:110.2,110.65 1 0
AltaStore/business/shopping/service.go:102.16,104.3 1 0
AltaStore/business/shopping/service.go:106.31,108.3 1 0
AltaStore/api/v1/checkout/controller.go:20.58,22.2 1 0
AltaStore/api/v1/checkout/controller.go:24.70,29.50 3 0
AltaStore/api/v1/checkout/controller.go:33.2,34.16 2 0
AltaStore/api/v1/checkout/controller.go:37.2,37.46 1 0
AltaStore/api/v1/checkout/controller.go:41.2,42.16 2 0
AltaStore/api/v1/checkout/controller.go:46.2,46.55 1 0
AltaStore/api/v1/checkout/controller.go:29.50,31.3 1 0
AltaStore/api/v1/checkout/controller.go:34.16,36.3 1 0
AltaStore/api/v1/checkout/controller.go:37.46,39.3 1 0
AltaStore/api/v1/checkout/controller.go:42.16,44.3 1 0
AltaStore/api/v1/checkout/controller.go:49.61,51.16 2 0
AltaStore/api/v1/checkout/controller.go:55.2,55.85 1 0
AltaStore/api/v1/checkout/controller.go:51.16,53.3 1 0
AltaStore/api/v1/checkout/controller.go:58.62,61.42 2 0
AltaStore/api/v1/checkout/controller.go:65.2,66.16 2 0
AltaStore/api/v1/checkout/controller.go:70.2,70.98 1 0
AltaStore/api/v1/checkout/controller.go:61.42,63.3 1 0
AltaStore/api/v1/checkout/controller.go:66.16,68.3 1 0
AltaStore/api/v1/checkoutpayment/request/insert.go:13.112,24.2 8 0
AltaStore/api/v1/checkoutpayment/request/insert.go:30.120,41.2 8 0
AltaStore/api/routes.go:19.3,20.68 1 0
AltaStore/api/routes.go:25.2,28.53 2 0
AltaStore/api/routes.go:49.2,72.70 18 0
AltaStore/api/routes.go:20.68,21.29 1 0
AltaStore/api/routes.go:28.53,37.40 5 0
AltaStore/api/routes.go:42.3,44.38 2 0
AltaStore/api/routes.go:37.40,40.4 2 0
AltaStore/business/shopping/mocks/Repository.go:19.83,23.65 3 0
AltaStore/business/shopping/mocks/Repository.go:31.2,32.51 2 0
AltaStore/business/shopping/mocks/Repository.go:38.2,38.15 1 0
AltaStore/business/shopping/mocks/Repository.go:23.65,25.3 1 0
AltaStore/business/shopping/mocks/Repository.go:25.8,26.24 1 0
AltaStore/business/shopping/mocks/Repository.go:26.24,28.4 1 0
AltaStore/business/shopping/mocks/Repository.go:32.51,34.3 1 0
AltaStore/business/shopping/mocks/Repository.go:34.8,36.3 1 0
AltaStore/business/shopping/mocks/Repository.go:42.91,46.65 3 0
AltaStore/business/shopping/mocks/Repository.go:54.2,55.51 2 0
AltaStore/business/shopping/mocks/Repository.go:61.2,61.15 1 0
AltaStore/business/shopping/mocks/Repository.go:46.65,48.3 1 0
AltaStore/business/shopping/mocks/Repository.go:48.8,49.24 1 0
AltaStore/business/shopping/mocks/Repository.go:49.24,51.4 1 0
AltaStore/business/shopping/mocks/Repository.go:55.51,57.3 1 0
AltaStore/business/shopping/mocks/Repository.go:57.8,59.3 1 0
AltaStore/business/shopping/mocks/Repository.go:65.115,69.84 3 0
AltaStore/business/shopping/mocks/Repository.go:77.2,78.70 2 0
AltaStore/business/shopping/mocks/Repository.go:84.2,84.15 1 0
AltaStore/business/shopping/mocks/Repository.go:69.84,71.3 1 0
AltaStore/business/shopping/mocks/Repository.go:71.8,72.24 1 0
AltaStore/business/shopping/mocks/Repository.go:72.24,74.4 1 0
AltaStore/business/shopping/mocks/Repository.go:78.70,80.3 1 0
AltaStore/business/shopping/mocks/Repository.go:80.8,82.3 1 0
AltaStore/business/shopping/mocks/Repository.go:88.82,92.57 3 0
AltaStore/business/shopping/mocks/Repository.go:98.2,98.11 1 0
AltaStore/business/shopping/mocks/Repository.go:92.57,94.3 1 0
AltaStore/business/shopping/mocks/Repository.go:94.8,96.3 1 0
